[0.071s] DEBUG:colcon:Command line arguments: ['/usr/bin/colcon', 'build']
[0.071s] DEBUG:colcon:Parsed command line arguments: Namespace(log_base=None, log_level=None, verb_name='build', build_base='build', install_base='install', merge_install=False, symlink_install=False, test_result_base=None, continue_on_error=False, executor='parallel', parallel_workers=8, event_handlers=None, ignore_user_meta=False, metas=['./colcon.meta'], base_paths=['.'], packages_ignore=None, packages_ignore_regex=None, paths=None, packages_up_to=None, packages_up_to_regex=None, packages_above=None, packages_above_and_dependencies=None, packages_above_depth=None, packages_select_by_dep=None, packages_skip_by_dep=None, packages_skip_up_to=None, packages_select_build_failed=False, packages_skip_build_finished=False, packages_select_test_failures=False, packages_skip_test_passed=False, packages_select=None, packages_skip=None, packages_select_regex=None, packages_skip_regex=None, packages_start=None, packages_end=None, allow_overriding=[], cmake_args=None, cmake_target=None, cmake_target_skip_unavailable=False, cmake_clean_cache=False, cmake_clean_first=False, cmake_force_configure=False, ament_cmake_args=None, catkin_cmake_args=None, catkin_skip_building_tests=False, verb_parser=<colcon_defaults.argument_parser.defaults.DefaultArgumentsDecorator object at 0x74a1773481c0>, verb_extension=<colcon_core.verb.build.BuildVerb object at 0x74a17730bb80>, main=<bound method BuildVerb.main of <colcon_core.verb.build.BuildVerb object at 0x74a17730bb80>>)
[0.179s] Level 1:colcon.colcon_core.package_discovery:discover_packages(colcon_meta) check parameters
[0.179s] Level 1:colcon.colcon_core.package_discovery:discover_packages(recursive) check parameters
[0.179s] Level 1:colcon.colcon_core.package_discovery:discover_packages(ignore) check parameters
[0.179s] Level 1:colcon.colcon_core.package_discovery:discover_packages(path) check parameters
[0.179s] Level 1:colcon.colcon_core.package_discovery:discover_packages(colcon_meta) discover
[0.180s] Level 1:colcon.colcon_core.package_discovery:discover_packages(recursive) discover
[0.180s] INFO:colcon.colcon_core.package_discovery:Crawling recursively for packages in '/home/gaurav/Desktop/ros_humble/src'
[0.180s] Level 1:colcon.colcon_core.package_identification:_identify(.) by extensions ['ignore', 'ignore_ament_install']
[0.180s] Level 1:colcon.colcon_core.package_identification:_identify(.) by extension 'ignore'
[0.180s] Level 1:colcon.colcon_core.package_identification:_identify(.) by extension 'ignore_ament_install'
[0.180s] Level 1:colcon.colcon_core.package_identification:_identify(.) by extensions ['colcon_pkg']
[0.180s] Level 1:colcon.colcon_core.package_identification:_identify(.) by extension 'colcon_pkg'
[0.180s] Level 1:colcon.colcon_core.package_identification:_identify(.) by extensions ['colcon_meta']
[0.180s] Level 1:colcon.colcon_core.package_identification:_identify(.) by extension 'colcon_meta'
[0.180s] Level 1:colcon.colcon_core.package_identification:_identify(.) by extensions ['ros']
[0.180s] Level 1:colcon.colcon_core.package_identification:_identify(.) by extension 'ros'
[0.188s] Level 1:colcon.colcon_core.package_identification:_identify(.) by extensions ['cmake', 'python']
[0.188s] Level 1:colcon.colcon_core.package_identification:_identify(.) by extension 'cmake'
[0.188s] Level 1:colcon.colcon_core.package_identification:_identify(.) by extension 'python'
[0.188s] Level 1:colcon.colcon_core.package_identification:_identify(.) by extensions ['python_setup_py']
[0.188s] Level 1:colcon.colcon_core.package_identification:_identify(.) by extension 'python_setup_py'
[0.188s] Level 1:colcon.colcon_core.package_identification:_identify(build) by extensions ['ignore', 'ignore_ament_install']
[0.188s] Level 1:colcon.colcon_core.package_identification:_identify(build) by extension 'ignore'
[0.188s] Level 1:colcon.colcon_core.package_identification:_identify(build) ignored
[0.188s] Level 1:colcon.colcon_core.package_identification:_identify(install) by extensions ['ignore', 'ignore_ament_install']
[0.188s] Level 1:colcon.colcon_core.package_identification:_identify(install) by extension 'ignore'
[0.188s] Level 1:colcon.colcon_core.package_identification:_identify(install) ignored
[0.188s] Level 1:colcon.colcon_core.package_identification:_identify(int_add) by extensions ['ignore', 'ignore_ament_install']
[0.188s] Level 1:colcon.colcon_core.package_identification:_identify(int_add) by extension 'ignore'
[0.188s] Level 1:colcon.colcon_core.package_identification:_identify(int_add) by extension 'ignore_ament_install'
[0.188s] Level 1:colcon.colcon_core.package_identification:_identify(int_add) by extensions ['colcon_pkg']
[0.188s] Level 1:colcon.colcon_core.package_identification:_identify(int_add) by extension 'colcon_pkg'
[0.188s] Level 1:colcon.colcon_core.package_identification:_identify(int_add) by extensions ['colcon_meta']
[0.188s] Level 1:colcon.colcon_core.package_identification:_identify(int_add) by extension 'colcon_meta'
[0.188s] Level 1:colcon.colcon_core.package_identification:_identify(int_add) by extensions ['ros']
[0.188s] Level 1:colcon.colcon_core.package_identification:_identify(int_add) by extension 'ros'
[0.190s] DEBUG:colcon.colcon_core.package_identification:Package 'int_add' with type 'ros.ament_cmake' and name 'int_add'
[0.190s] Level 1:colcon.colcon_core.package_identification:_identify(log) by extensions ['ignore', 'ignore_ament_install']
[0.190s] Level 1:colcon.colcon_core.package_identification:_identify(log) by extension 'ignore'
[0.190s] Level 1:colcon.colcon_core.package_identification:_identify(log) ignored
[0.190s] Level 1:colcon.colcon_core.package_identification:_identify(robot_simple) by extensions ['ignore', 'ignore_ament_install']
[0.190s] Level 1:colcon.colcon_core.package_identification:_identify(robot_simple) by extension 'ignore'
[0.190s] Level 1:colcon.colcon_core.package_identification:_identify(robot_simple) by extension 'ignore_ament_install'
[0.190s] Level 1:colcon.colcon_core.package_identification:_identify(robot_simple) by extensions ['colcon_pkg']
[0.190s] Level 1:colcon.colcon_core.package_identification:_identify(robot_simple) by extension 'colcon_pkg'
[0.190s] Level 1:colcon.colcon_core.package_identification:_identify(robot_simple) by extensions ['colcon_meta']
[0.190s] Level 1:colcon.colcon_core.package_identification:_identify(robot_simple) by extension 'colcon_meta'
[0.190s] Level 1:colcon.colcon_core.package_identification:_identify(robot_simple) by extensions ['ros']
[0.190s] Level 1:colcon.colcon_core.package_identification:_identify(robot_simple) by extension 'ros'
[0.191s] DEBUG:colcon.colcon_core.package_identification:Package 'robot_simple' with type 'ros.ament_cmake' and name 'robot_simple'
[0.191s] Level 1:colcon.colcon_core.package_identification:_identify(simple_pkg) by extensions ['ignore', 'ignore_ament_install']
[0.191s] Level 1:colcon.colcon_core.package_identification:_identify(simple_pkg) by extension 'ignore'
[0.191s] Level 1:colcon.colcon_core.package_identification:_identify(simple_pkg) by extension 'ignore_ament_install'
[0.191s] Level 1:colcon.colcon_core.package_identification:_identify(simple_pkg) by extensions ['colcon_pkg']
[0.191s] Level 1:colcon.colcon_core.package_identification:_identify(simple_pkg) by extension 'colcon_pkg'
[0.191s] Level 1:colcon.colcon_core.package_identification:_identify(simple_pkg) by extensions ['colcon_meta']
[0.191s] Level 1:colcon.colcon_core.package_identification:_identify(simple_pkg) by extension 'colcon_meta'
[0.191s] Level 1:colcon.colcon_core.package_identification:_identify(simple_pkg) by extensions ['ros']
[0.191s] Level 1:colcon.colcon_core.package_identification:_identify(simple_pkg) by extension 'ros'
[0.191s] DEBUG:colcon.colcon_core.package_identification:Package 'simple_pkg' with type 'ros.ament_cmake' and name 'simple_pkg'
[0.192s] Level 1:colcon.colcon_core.package_discovery:discover_packages(recursive) using defaults
[0.192s] Level 1:colcon.colcon_core.package_discovery:discover_packages(ignore) discover
[0.192s] Level 1:colcon.colcon_core.package_discovery:discover_packages(ignore) using defaults
[0.192s] Level 1:colcon.colcon_core.package_discovery:discover_packages(path) discover
[0.192s] Level 1:colcon.colcon_core.package_discovery:discover_packages(path) using defaults
[0.205s] Level 1:colcon.colcon_core.package_discovery:discover_packages(prefix_path) check parameters
[0.205s] Level 1:colcon.colcon_core.package_discovery:discover_packages(prefix_path) discover
[0.206s] DEBUG:colcon.colcon_installed_package_information.package_discovery:Found 270 installed packages in /opt/ros/humble
[0.208s] Level 1:colcon.colcon_core.package_discovery:discover_packages(prefix_path) using defaults
[0.241s] Level 5:colcon.colcon_core.verb:set package 'int_add' build argument 'cmake_args' from command line to 'None'
[0.241s] Level 5:colcon.colcon_core.verb:set package 'int_add' build argument 'cmake_target' from command line to 'None'
[0.241s] Level 5:colcon.colcon_core.verb:set package 'int_add' build argument 'cmake_target_skip_unavailable' from command line to 'False'
[0.241s] Level 5:colcon.colcon_core.verb:set package 'int_add' build argument 'cmake_clean_cache' from command line to 'False'
[0.241s] Level 5:colcon.colcon_core.verb:set package 'int_add' build argument 'cmake_clean_first' from command line to 'False'
[0.241s] Level 5:colcon.colcon_core.verb:set package 'int_add' build argument 'cmake_force_configure' from command line to 'False'
[0.241s] Level 5:colcon.colcon_core.verb:set package 'int_add' build argument 'ament_cmake_args' from command line to 'None'
[0.241s] Level 5:colcon.colcon_core.verb:set package 'int_add' build argument 'catkin_cmake_args' from command line to 'None'
[0.241s] Level 5:colcon.colcon_core.verb:set package 'int_add' build argument 'catkin_skip_building_tests' from command line to 'False'
[0.241s] DEBUG:colcon.colcon_core.verb:Building package 'int_add' with the following arguments: {'ament_cmake_args': None, 'build_base': '/home/gaurav/Desktop/ros_humble/src/build/int_add', 'catkin_cmake_args': None, 'catkin_skip_building_tests': False, 'cmake_args': None, 'cmake_clean_cache': False, 'cmake_clean_first': False, 'cmake_force_configure': False, 'cmake_target': None, 'cmake_target_skip_unavailable': False, 'install_base': '/home/gaurav/Desktop/ros_humble/src/install/int_add', 'merge_install': False, 'path': '/home/gaurav/Desktop/ros_humble/src/int_add', 'symlink_install': False, 'test_result_base': None}
[0.241s] Level 5:colcon.colcon_core.verb:set package 'robot_simple' build argument 'cmake_args' from command line to 'None'
[0.241s] Level 5:colcon.colcon_core.verb:set package 'robot_simple' build argument 'cmake_target' from command line to 'None'
[0.241s] Level 5:colcon.colcon_core.verb:set package 'robot_simple' build argument 'cmake_target_skip_unavailable' from command line to 'False'
[0.241s] Level 5:colcon.colcon_core.verb:set package 'robot_simple' build argument 'cmake_clean_cache' from command line to 'False'
[0.241s] Level 5:colcon.colcon_core.verb:set package 'robot_simple' build argument 'cmake_clean_first' from command line to 'False'
[0.241s] Level 5:colcon.colcon_core.verb:set package 'robot_simple' build argument 'cmake_force_configure' from command line to 'False'
[0.241s] Level 5:colcon.colcon_core.verb:set package 'robot_simple' build argument 'ament_cmake_args' from command line to 'None'
[0.241s] Level 5:colcon.colcon_core.verb:set package 'robot_simple' build argument 'catkin_cmake_args' from command line to 'None'
[0.241s] Level 5:colcon.colcon_core.verb:set package 'robot_simple' build argument 'catkin_skip_building_tests' from command line to 'False'
[0.241s] DEBUG:colcon.colcon_core.verb:Building package 'robot_simple' with the following arguments: {'ament_cmake_args': None, 'build_base': '/home/gaurav/Desktop/ros_humble/src/build/robot_simple', 'catkin_cmake_args': None, 'catkin_skip_building_tests': False, 'cmake_args': None, 'cmake_clean_cache': False, 'cmake_clean_first': False, 'cmake_force_configure': False, 'cmake_target': None, 'cmake_target_skip_unavailable': False, 'install_base': '/home/gaurav/Desktop/ros_humble/src/install/robot_simple', 'merge_install': False, 'path': '/home/gaurav/Desktop/ros_humble/src/robot_simple', 'symlink_install': False, 'test_result_base': None}
[0.242s] Level 5:colcon.colcon_core.verb:set package 'simple_pkg' build argument 'cmake_args' from command line to 'None'
[0.242s] Level 5:colcon.colcon_core.verb:set package 'simple_pkg' build argument 'cmake_target' from command line to 'None'
[0.242s] Level 5:colcon.colcon_core.verb:set package 'simple_pkg' build argument 'cmake_target_skip_unavailable' from command line to 'False'
[0.242s] Level 5:colcon.colcon_core.verb:set package 'simple_pkg' build argument 'cmake_clean_cache' from command line to 'False'
[0.242s] Level 5:colcon.colcon_core.verb:set package 'simple_pkg' build argument 'cmake_clean_first' from command line to 'False'
[0.242s] Level 5:colcon.colcon_core.verb:set package 'simple_pkg' build argument 'cmake_force_configure' from command line to 'False'
[0.242s] Level 5:colcon.colcon_core.verb:set package 'simple_pkg' build argument 'ament_cmake_args' from command line to 'None'
[0.242s] Level 5:colcon.colcon_core.verb:set package 'simple_pkg' build argument 'catkin_cmake_args' from command line to 'None'
[0.242s] Level 5:colcon.colcon_core.verb:set package 'simple_pkg' build argument 'catkin_skip_building_tests' from command line to 'False'
[0.242s] DEBUG:colcon.colcon_core.verb:Building package 'simple_pkg' with the following arguments: {'ament_cmake_args': None, 'build_base': '/home/gaurav/Desktop/ros_humble/src/build/simple_pkg', 'catkin_cmake_args': None, 'catkin_skip_building_tests': False, 'cmake_args': None, 'cmake_clean_cache': False, 'cmake_clean_first': False, 'cmake_force_configure': False, 'cmake_target': None, 'cmake_target_skip_unavailable': False, 'install_base': '/home/gaurav/Desktop/ros_humble/src/install/simple_pkg', 'merge_install': False, 'path': '/home/gaurav/Desktop/ros_humble/src/simple_pkg', 'symlink_install': False, 'test_result_base': None}
[0.242s] INFO:colcon.colcon_core.executor:Executing jobs using 'parallel' executor
[0.243s] DEBUG:colcon.colcon_parallel_executor.executor.parallel:run_until_complete
[0.243s] INFO:colcon.colcon_ros.task.ament_cmake.build:Building ROS package in '/home/gaurav/Desktop/ros_humble/src/int_add' with build type 'ament_cmake'
[0.243s] INFO:colcon.colcon_cmake.task.cmake.build:Building CMake package in '/home/gaurav/Desktop/ros_humble/src/int_add'
[0.244s] INFO:colcon.colcon_core.plugin_system:Skipping extension 'colcon_core.shell.bat': Not used on non-Windows systems
[0.245s] INFO:colcon.colcon_core.shell:Skip shell extension 'powershell' for command environment: Not usable outside of PowerShell
[0.245s] DEBUG:colcon.colcon_core.shell:Skip shell extension 'dsv' for command environment
[0.247s] INFO:colcon.colcon_ros.task.ament_cmake.build:Building ROS package in '/home/gaurav/Desktop/ros_humble/src/robot_simple' with build type 'ament_cmake'
[0.247s] INFO:colcon.colcon_cmake.task.cmake.build:Building CMake package in '/home/gaurav/Desktop/ros_humble/src/robot_simple'
[0.247s] INFO:colcon.colcon_core.shell:Skip shell extension 'powershell' for command environment: Not usable outside of PowerShell
[0.247s] DEBUG:colcon.colcon_core.shell:Skip shell extension 'dsv' for command environment
[0.249s] INFO:colcon.colcon_ros.task.ament_cmake.build:Building ROS package in '/home/gaurav/Desktop/ros_humble/src/simple_pkg' with build type 'ament_cmake'
[0.249s] INFO:colcon.colcon_cmake.task.cmake.build:Building CMake package in '/home/gaurav/Desktop/ros_humble/src/simple_pkg'
[0.250s] INFO:colcon.colcon_core.shell:Skip shell extension 'powershell' for command environment: Not usable outside of PowerShell
[0.250s] DEBUG:colcon.colcon_core.shell:Skip shell extension 'dsv' for command environment
[0.254s] DEBUG:colcon.colcon_core.event_handler.log_command:Invoking command in '/home/gaurav/Desktop/ros_humble/src/build/int_add': CMAKE_PREFIX_PATH=/opt/ros/humble /usr/bin/cmake /home/gaurav/Desktop/ros_humble/src/int_add -DCMAKE_INSTALL_PREFIX=/home/gaurav/Desktop/ros_humble/src/install/int_add
[0.259s] DEBUG:colcon.colcon_core.event_handler.log_command:Invoking command in '/home/gaurav/Desktop/ros_humble/src/build/robot_simple': CMAKE_PREFIX_PATH=/opt/ros/humble /usr/bin/cmake /home/gaurav/Desktop/ros_humble/src/robot_simple -DCMAKE_INSTALL_PREFIX=/home/gaurav/Desktop/ros_humble/src/install/robot_simple
[0.262s] DEBUG:colcon.colcon_core.event_handler.log_command:Invoking command in '/home/gaurav/Desktop/ros_humble/src/build/simple_pkg': CMAKE_PREFIX_PATH=/opt/ros/humble /usr/bin/cmake /home/gaurav/Desktop/ros_humble/src/simple_pkg -DCMAKE_INSTALL_PREFIX=/home/gaurav/Desktop/ros_humble/src/install/simple_pkg
[0.766s] DEBUG:colcon.colcon_core.event_handler.log_command:Invoked command in '/home/gaurav/Desktop/ros_humble/src/build/robot_simple' returned '0': CMAKE_PREFIX_PATH=/opt/ros/humble /usr/bin/cmake /home/gaurav/Desktop/ros_humble/src/robot_simple -DCMAKE_INSTALL_PREFIX=/home/gaurav/Desktop/ros_humble/src/install/robot_simple
[0.767s] DEBUG:colcon.colcon_core.event_handler.log_command:Invoking command in '/home/gaurav/Desktop/ros_humble/src/build/robot_simple': CMAKE_PREFIX_PATH=/opt/ros/humble /usr/bin/cmake --build /home/gaurav/Desktop/ros_humble/src/build/robot_simple -- -j8 -l8
[0.800s] DEBUG:colcon.colcon_core.event_handler.log_command:Invoked command in '/home/gaurav/Desktop/ros_humble/src/build/robot_simple' returned '0': CMAKE_PREFIX_PATH=/opt/ros/humble /usr/bin/cmake --build /home/gaurav/Desktop/ros_humble/src/build/robot_simple -- -j8 -l8
[0.825s] DEBUG:colcon.colcon_core.event_handler.log_command:Invoking command in '/home/gaurav/Desktop/ros_humble/src/build/robot_simple': CMAKE_PREFIX_PATH=/opt/ros/humble /usr/bin/cmake --install /home/gaurav/Desktop/ros_humble/src/build/robot_simple
[0.834s] Level 1:colcon.colcon_core.environment:create_environment_scripts_only(robot_simple)
[0.836s] DEBUG:colcon.colcon_core.event_handler.log_command:Invoked command in '/home/gaurav/Desktop/ros_humble/src/build/robot_simple' returned '0': CMAKE_PREFIX_PATH=/opt/ros/humble /usr/bin/cmake --install /home/gaurav/Desktop/ros_humble/src/build/robot_simple
[0.837s] Level 1:colcon.colcon_core.environment:checking '/home/gaurav/Desktop/ros_humble/src/install/robot_simple' for CMake module files
[0.838s] Level 1:colcon.colcon_core.environment:checking '/home/gaurav/Desktop/ros_humble/src/install/robot_simple' for CMake config files
[0.838s] Level 1:colcon.colcon_core.shell:create_environment_hook('robot_simple', 'cmake_prefix_path')
[0.838s] INFO:colcon.colcon_core.shell:Creating environment hook '/home/gaurav/Desktop/ros_humble/src/install/robot_simple/share/robot_simple/hook/cmake_prefix_path.ps1'
[0.839s] INFO:colcon.colcon_core.shell:Creating environment descriptor '/home/gaurav/Desktop/ros_humble/src/install/robot_simple/share/robot_simple/hook/cmake_prefix_path.dsv'
[0.839s] INFO:colcon.colcon_core.shell:Creating environment hook '/home/gaurav/Desktop/ros_humble/src/install/robot_simple/share/robot_simple/hook/cmake_prefix_path.sh'
[0.840s] Level 1:colcon.colcon_core.environment:checking '/home/gaurav/Desktop/ros_humble/src/install/robot_simple/bin'
[0.840s] Level 1:colcon.colcon_core.environment:checking '/home/gaurav/Desktop/ros_humble/src/install/robot_simple/lib/pkgconfig/robot_simple.pc'
[0.841s] Level 1:colcon.colcon_core.environment:checking '/home/gaurav/Desktop/ros_humble/src/install/robot_simple/lib/python3.10/site-packages'
[0.841s] Level 1:colcon.colcon_core.environment:checking '/home/gaurav/Desktop/ros_humble/src/install/robot_simple/bin'
[0.841s] INFO:colcon.colcon_core.shell:Creating package script '/home/gaurav/Desktop/ros_humble/src/install/robot_simple/share/robot_simple/package.ps1'
[0.842s] INFO:colcon.colcon_core.shell:Creating package descriptor '/home/gaurav/Desktop/ros_humble/src/install/robot_simple/share/robot_simple/package.dsv'
[0.843s] INFO:colcon.colcon_core.shell:Creating package script '/home/gaurav/Desktop/ros_humble/src/install/robot_simple/share/robot_simple/package.sh'
[0.844s] INFO:colcon.colcon_core.shell:Creating package script '/home/gaurav/Desktop/ros_humble/src/install/robot_simple/share/robot_simple/package.bash'
[0.844s] INFO:colcon.colcon_core.shell:Creating package script '/home/gaurav/Desktop/ros_humble/src/install/robot_simple/share/robot_simple/package.zsh'
[0.845s] Level 1:colcon.colcon_core.environment:create_file_with_runtime_dependencies(/home/gaurav/Desktop/ros_humble/src/install/robot_simple/share/colcon-core/packages/robot_simple)
[0.862s] Level 1:colcon.colcon_core.environment:create_environment_scripts_only(robot_simple)
[0.863s] Level 1:colcon.colcon_core.environment:checking '/home/gaurav/Desktop/ros_humble/src/install/robot_simple' for CMake module files
[0.863s] Level 1:colcon.colcon_core.environment:checking '/home/gaurav/Desktop/ros_humble/src/install/robot_simple' for CMake config files
[0.863s] Level 1:colcon.colcon_core.shell:create_environment_hook('robot_simple', 'cmake_prefix_path')
[0.863s] INFO:colcon.colcon_core.shell:Creating environment hook '/home/gaurav/Desktop/ros_humble/src/install/robot_simple/share/robot_simple/hook/cmake_prefix_path.ps1'
[0.864s] INFO:colcon.colcon_core.shell:Creating environment descriptor '/home/gaurav/Desktop/ros_humble/src/install/robot_simple/share/robot_simple/hook/cmake_prefix_path.dsv'
[0.864s] INFO:colcon.colcon_core.shell:Creating environment hook '/home/gaurav/Desktop/ros_humble/src/install/robot_simple/share/robot_simple/hook/cmake_prefix_path.sh'
[0.864s] Level 1:colcon.colcon_core.environment:checking '/home/gaurav/Desktop/ros_humble/src/install/robot_simple/bin'
[0.864s] Level 1:colcon.colcon_core.environment:checking '/home/gaurav/Desktop/ros_humble/src/install/robot_simple/lib/pkgconfig/robot_simple.pc'
[0.865s] Level 1:colcon.colcon_core.environment:checking '/home/gaurav/Desktop/ros_humble/src/install/robot_simple/lib/python3.10/site-packages'
[0.865s] Level 1:colcon.colcon_core.environment:checking '/home/gaurav/Desktop/ros_humble/src/install/robot_simple/bin'
[0.865s] INFO:colcon.colcon_core.shell:Creating package script '/home/gaurav/Desktop/ros_humble/src/install/robot_simple/share/robot_simple/package.ps1'
[0.866s] INFO:colcon.colcon_core.shell:Creating package descriptor '/home/gaurav/Desktop/ros_humble/src/install/robot_simple/share/robot_simple/package.dsv'
[0.866s] INFO:colcon.colcon_core.shell:Creating package script '/home/gaurav/Desktop/ros_humble/src/install/robot_simple/share/robot_simple/package.sh'
[0.866s] INFO:colcon.colcon_core.shell:Creating package script '/home/gaurav/Desktop/ros_humble/src/install/robot_simple/share/robot_simple/package.bash'
[0.866s] INFO:colcon.colcon_core.shell:Creating package script '/home/gaurav/Desktop/ros_humble/src/install/robot_simple/share/robot_simple/package.zsh'
[0.867s] Level 1:colcon.colcon_core.environment:create_file_with_runtime_dependencies(/home/gaurav/Desktop/ros_humble/src/install/robot_simple/share/colcon-core/packages/robot_simple)
[1.271s] DEBUG:colcon.colcon_core.event_handler.log_command:Invoked command in '/home/gaurav/Desktop/ros_humble/src/build/simple_pkg' returned '0': CMAKE_PREFIX_PATH=/opt/ros/humble /usr/bin/cmake /home/gaurav/Desktop/ros_humble/src/simple_pkg -DCMAKE_INSTALL_PREFIX=/home/gaurav/Desktop/ros_humble/src/install/simple_pkg
[1.273s] DEBUG:colcon.colcon_core.event_handler.log_command:Invoking command in '/home/gaurav/Desktop/ros_humble/src/build/simple_pkg': CMAKE_PREFIX_PATH=/opt/ros/humble /usr/bin/cmake --build /home/gaurav/Desktop/ros_humble/src/build/simple_pkg -- -j8 -l8
[1.298s] DEBUG:colcon.colcon_core.event_handler.log_command:Invoked command in '/home/gaurav/Desktop/ros_humble/src/build/int_add' returned '0': CMAKE_PREFIX_PATH=/opt/ros/humble /usr/bin/cmake /home/gaurav/Desktop/ros_humble/src/int_add -DCMAKE_INSTALL_PREFIX=/home/gaurav/Desktop/ros_humble/src/install/int_add
[1.299s] DEBUG:colcon.colcon_core.event_handler.log_command:Invoking command in '/home/gaurav/Desktop/ros_humble/src/build/int_add': CMAKE_PREFIX_PATH=/opt/ros/humble /usr/bin/cmake --build /home/gaurav/Desktop/ros_humble/src/build/int_add -- -j8 -l8
[1.311s] DEBUG:colcon.colcon_core.event_handler.log_command:Invoked command in '/home/gaurav/Desktop/ros_humble/src/build/simple_pkg' returned '0': CMAKE_PREFIX_PATH=/opt/ros/humble /usr/bin/cmake --build /home/gaurav/Desktop/ros_humble/src/build/simple_pkg -- -j8 -l8
[1.331s] DEBUG:colcon.colcon_core.event_handler.log_command:Invoking command in '/home/gaurav/Desktop/ros_humble/src/build/simple_pkg': CMAKE_PREFIX_PATH=/opt/ros/humble /usr/bin/cmake --install /home/gaurav/Desktop/ros_humble/src/build/simple_pkg
[1.334s] DEBUG:colcon.colcon_core.event_handler.log_command:Invoked command in '/home/gaurav/Desktop/ros_humble/src/build/int_add' returned '0': CMAKE_PREFIX_PATH=/opt/ros/humble /usr/bin/cmake --build /home/gaurav/Desktop/ros_humble/src/build/int_add -- -j8 -l8
[1.341s] Level 1:colcon.colcon_core.environment:create_environment_scripts_only(simple_pkg)
[1.341s] Level 1:colcon.colcon_core.environment:checking '/home/gaurav/Desktop/ros_humble/src/install/simple_pkg' for CMake module files
[1.342s] DEBUG:colcon.colcon_core.event_handler.log_command:Invoked command in '/home/gaurav/Desktop/ros_humble/src/build/simple_pkg' returned '0': CMAKE_PREFIX_PATH=/opt/ros/humble /usr/bin/cmake --install /home/gaurav/Desktop/ros_humble/src/build/simple_pkg
[1.342s] Level 1:colcon.colcon_core.environment:checking '/home/gaurav/Desktop/ros_humble/src/install/simple_pkg' for CMake config files
[1.342s] Level 1:colcon.colcon_core.shell:create_environment_hook('simple_pkg', 'cmake_prefix_path')
[1.343s] INFO:colcon.colcon_core.shell:Creating environment hook '/home/gaurav/Desktop/ros_humble/src/install/simple_pkg/share/simple_pkg/hook/cmake_prefix_path.ps1'
[1.343s] INFO:colcon.colcon_core.shell:Creating environment descriptor '/home/gaurav/Desktop/ros_humble/src/install/simple_pkg/share/simple_pkg/hook/cmake_prefix_path.dsv'
[1.343s] INFO:colcon.colcon_core.shell:Creating environment hook '/home/gaurav/Desktop/ros_humble/src/install/simple_pkg/share/simple_pkg/hook/cmake_prefix_path.sh'
[1.344s] Level 1:colcon.colcon_core.environment:checking '/home/gaurav/Desktop/ros_humble/src/install/simple_pkg/lib'
[1.344s] Level 1:colcon.colcon_core.environment:checking '/home/gaurav/Desktop/ros_humble/src/install/simple_pkg/bin'
[1.344s] Level 1:colcon.colcon_core.environment:checking '/home/gaurav/Desktop/ros_humble/src/install/simple_pkg/lib/pkgconfig/simple_pkg.pc'
[1.344s] Level 1:colcon.colcon_core.environment:checking '/home/gaurav/Desktop/ros_humble/src/install/simple_pkg/lib/python3.10/site-packages'
[1.345s] Level 1:colcon.colcon_core.environment:checking '/home/gaurav/Desktop/ros_humble/src/install/simple_pkg/bin'
[1.345s] INFO:colcon.colcon_core.shell:Creating package script '/home/gaurav/Desktop/ros_humble/src/install/simple_pkg/share/simple_pkg/package.ps1'
[1.345s] INFO:colcon.colcon_core.shell:Creating package descriptor '/home/gaurav/Desktop/ros_humble/src/install/simple_pkg/share/simple_pkg/package.dsv'
[1.346s] INFO:colcon.colcon_core.shell:Creating package script '/home/gaurav/Desktop/ros_humble/src/install/simple_pkg/share/simple_pkg/package.sh'
[1.346s] INFO:colcon.colcon_core.shell:Creating package script '/home/gaurav/Desktop/ros_humble/src/install/simple_pkg/share/simple_pkg/package.bash'
[1.346s] INFO:colcon.colcon_core.shell:Creating package script '/home/gaurav/Desktop/ros_humble/src/install/simple_pkg/share/simple_pkg/package.zsh'
[1.347s] Level 1:colcon.colcon_core.environment:create_file_with_runtime_dependencies(/home/gaurav/Desktop/ros_humble/src/install/simple_pkg/share/colcon-core/packages/simple_pkg)
[1.354s] DEBUG:colcon.colcon_core.event_handler.log_command:Invoking command in '/home/gaurav/Desktop/ros_humble/src/build/int_add': CMAKE_PREFIX_PATH=/opt/ros/humble /usr/bin/cmake --install /home/gaurav/Desktop/ros_humble/src/build/int_add
[1.365s] Level 1:colcon.colcon_core.environment:create_environment_scripts_only(simple_pkg)
[1.365s] Level 1:colcon.colcon_core.environment:checking '/home/gaurav/Desktop/ros_humble/src/install/simple_pkg' for CMake module files
[1.366s] Level 1:colcon.colcon_core.environment:checking '/home/gaurav/Desktop/ros_humble/src/install/simple_pkg' for CMake config files
[1.366s] Level 1:colcon.colcon_core.shell:create_environment_hook('simple_pkg', 'cmake_prefix_path')
[1.366s] INFO:colcon.colcon_core.shell:Creating environment hook '/home/gaurav/Desktop/ros_humble/src/install/simple_pkg/share/simple_pkg/hook/cmake_prefix_path.ps1'
[1.366s] INFO:colcon.colcon_core.shell:Creating environment descriptor '/home/gaurav/Desktop/ros_humble/src/install/simple_pkg/share/simple_pkg/hook/cmake_prefix_path.dsv'
[1.367s] INFO:colcon.colcon_core.shell:Creating environment hook '/home/gaurav/Desktop/ros_humble/src/install/simple_pkg/share/simple_pkg/hook/cmake_prefix_path.sh'
[1.367s] Level 1:colcon.colcon_core.environment:checking '/home/gaurav/Desktop/ros_humble/src/install/simple_pkg/lib'
[1.367s] Level 1:colcon.colcon_core.environment:checking '/home/gaurav/Desktop/ros_humble/src/install/simple_pkg/bin'
[1.367s] Level 1:colcon.colcon_core.environment:checking '/home/gaurav/Desktop/ros_humble/src/install/simple_pkg/lib/pkgconfig/simple_pkg.pc'
[1.367s] Level 1:colcon.colcon_core.environment:checking '/home/gaurav/Desktop/ros_humble/src/install/simple_pkg/lib/python3.10/site-packages'
[1.367s] Level 1:colcon.colcon_core.environment:checking '/home/gaurav/Desktop/ros_humble/src/install/simple_pkg/bin'
[1.368s] INFO:colcon.colcon_core.shell:Creating package script '/home/gaurav/Desktop/ros_humble/src/install/simple_pkg/share/simple_pkg/package.ps1'
[1.368s] INFO:colcon.colcon_core.shell:Creating package descriptor '/home/gaurav/Desktop/ros_humble/src/install/simple_pkg/share/simple_pkg/package.dsv'
[1.368s] INFO:colcon.colcon_core.shell:Creating package script '/home/gaurav/Desktop/ros_humble/src/install/simple_pkg/share/simple_pkg/package.sh'
[1.369s] INFO:colcon.colcon_core.shell:Creating package script '/home/gaurav/Desktop/ros_humble/src/install/simple_pkg/share/simple_pkg/package.bash'
[1.369s] INFO:colcon.colcon_core.shell:Creating package script '/home/gaurav/Desktop/ros_humble/src/install/simple_pkg/share/simple_pkg/package.zsh'
[1.369s] Level 1:colcon.colcon_core.environment:create_file_with_runtime_dependencies(/home/gaurav/Desktop/ros_humble/src/install/simple_pkg/share/colcon-core/packages/simple_pkg)
[1.370s] Level 1:colcon.colcon_core.environment:create_environment_scripts_only(int_add)
[1.370s] Level 1:colcon.colcon_core.environment:checking '/home/gaurav/Desktop/ros_humble/src/install/int_add' for CMake module files
[1.371s] DEBUG:colcon.colcon_core.event_handler.log_command:Invoked command in '/home/gaurav/Desktop/ros_humble/src/build/int_add' returned '0': CMAKE_PREFIX_PATH=/opt/ros/humble /usr/bin/cmake --install /home/gaurav/Desktop/ros_humble/src/build/int_add
[1.371s] Level 1:colcon.colcon_core.environment:checking '/home/gaurav/Desktop/ros_humble/src/install/int_add' for CMake config files
[1.371s] Level 1:colcon.colcon_core.shell:create_environment_hook('int_add', 'cmake_prefix_path')
[1.371s] INFO:colcon.colcon_core.shell:Creating environment hook '/home/gaurav/Desktop/ros_humble/src/install/int_add/share/int_add/hook/cmake_prefix_path.ps1'
[1.371s] INFO:colcon.colcon_core.shell:Creating environment descriptor '/home/gaurav/Desktop/ros_humble/src/install/int_add/share/int_add/hook/cmake_prefix_path.dsv'
[1.372s] INFO:colcon.colcon_core.shell:Creating environment hook '/home/gaurav/Desktop/ros_humble/src/install/int_add/share/int_add/hook/cmake_prefix_path.sh'
[1.372s] Level 1:colcon.colcon_core.environment:checking '/home/gaurav/Desktop/ros_humble/src/install/int_add/lib'
[1.372s] Level 1:colcon.colcon_core.environment:checking '/home/gaurav/Desktop/ros_humble/src/install/int_add/bin'
[1.372s] Level 1:colcon.colcon_core.environment:checking '/home/gaurav/Desktop/ros_humble/src/install/int_add/lib/pkgconfig/int_add.pc'
[1.372s] Level 1:colcon.colcon_core.environment:checking '/home/gaurav/Desktop/ros_humble/src/install/int_add/lib/python3.10/site-packages'
[1.372s] Level 1:colcon.colcon_core.environment:checking '/home/gaurav/Desktop/ros_humble/src/install/int_add/bin'
[1.373s] INFO:colcon.colcon_core.shell:Creating package script '/home/gaurav/Desktop/ros_humble/src/install/int_add/share/int_add/package.ps1'
[1.373s] INFO:colcon.colcon_core.shell:Creating package descriptor '/home/gaurav/Desktop/ros_humble/src/install/int_add/share/int_add/package.dsv'
[1.373s] INFO:colcon.colcon_core.shell:Creating package script '/home/gaurav/Desktop/ros_humble/src/install/int_add/share/int_add/package.sh'
[1.374s] INFO:colcon.colcon_core.shell:Creating package script '/home/gaurav/Desktop/ros_humble/src/install/int_add/share/int_add/package.bash'
[1.374s] INFO:colcon.colcon_core.shell:Creating package script '/home/gaurav/Desktop/ros_humble/src/install/int_add/share/int_add/package.zsh'
[1.374s] Level 1:colcon.colcon_core.environment:create_file_with_runtime_dependencies(/home/gaurav/Desktop/ros_humble/src/install/int_add/share/colcon-core/packages/int_add)
[1.394s] Level 1:colcon.colcon_core.environment:create_environment_scripts_only(int_add)
[1.394s] Level 1:colcon.colcon_core.environment:checking '/home/gaurav/Desktop/ros_humble/src/install/int_add' for CMake module files
[1.395s] Level 1:colcon.colcon_core.environment:checking '/home/gaurav/Desktop/ros_humble/src/install/int_add' for CMake config files
[1.395s] Level 1:colcon.colcon_core.shell:create_environment_hook('int_add', 'cmake_prefix_path')
[1.395s] INFO:colcon.colcon_core.shell:Creating environment hook '/home/gaurav/Desktop/ros_humble/src/install/int_add/share/int_add/hook/cmake_prefix_path.ps1'
[1.395s] INFO:colcon.colcon_core.shell:Creating environment descriptor '/home/gaurav/Desktop/ros_humble/src/install/int_add/share/int_add/hook/cmake_prefix_path.dsv'
[1.396s] INFO:colcon.colcon_core.shell:Creating environment hook '/home/gaurav/Desktop/ros_humble/src/install/int_add/share/int_add/hook/cmake_prefix_path.sh'
[1.396s] Level 1:colcon.colcon_core.environment:checking '/home/gaurav/Desktop/ros_humble/src/install/int_add/lib'
[1.396s] Level 1:colcon.colcon_core.environment:checking '/home/gaurav/Desktop/ros_humble/src/install/int_add/bin'
[1.396s] Level 1:colcon.colcon_core.environment:checking '/home/gaurav/Desktop/ros_humble/src/install/int_add/lib/pkgconfig/int_add.pc'
[1.396s] Level 1:colcon.colcon_core.environment:checking '/home/gaurav/Desktop/ros_humble/src/install/int_add/lib/python3.10/site-packages'
[1.397s] Level 1:colcon.colcon_core.environment:checking '/home/gaurav/Desktop/ros_humble/src/install/int_add/bin'
[1.397s] INFO:colcon.colcon_core.shell:Creating package script '/home/gaurav/Desktop/ros_humble/src/install/int_add/share/int_add/package.ps1'
[1.397s] INFO:colcon.colcon_core.shell:Creating package descriptor '/home/gaurav/Desktop/ros_humble/src/install/int_add/share/int_add/package.dsv'
[1.398s] INFO:colcon.colcon_core.shell:Creating package script '/home/gaurav/Desktop/ros_humble/src/install/int_add/share/int_add/package.sh'
[1.398s] INFO:colcon.colcon_core.shell:Creating package script '/home/gaurav/Desktop/ros_humble/src/install/int_add/share/int_add/package.bash'
[1.398s] INFO:colcon.colcon_core.shell:Creating package script '/home/gaurav/Desktop/ros_humble/src/install/int_add/share/int_add/package.zsh'
[1.399s] Level 1:colcon.colcon_core.environment:create_file_with_runtime_dependencies(/home/gaurav/Desktop/ros_humble/src/install/int_add/share/colcon-core/packages/int_add)
[1.399s] DEBUG:colcon.colcon_parallel_executor.executor.parallel:closing loop
[1.399s] DEBUG:colcon.colcon_parallel_executor.executor.parallel:loop closed
[1.399s] DEBUG:colcon.colcon_parallel_executor.executor.parallel:run_until_complete finished with '0'
[1.399s] DEBUG:colcon.colcon_core.event_reactor:joining thread
[1.405s] INFO:colcon.colcon_core.plugin_system:Skipping extension 'colcon_notification.desktop_notification.terminal_notifier': Not used on non-Darwin systems
[1.405s] INFO:colcon.colcon_core.plugin_system:Skipping extension 'colcon_notification.desktop_notification.win32': Not used on non-Windows systems
[1.405s] INFO:colcon.colcon_notification.desktop_notification:Sending desktop notification using 'notify2'
[1.418s] DEBUG:colcon.colcon_core.event_reactor:joined thread
[1.419s] INFO:colcon.colcon_core.shell:Creating prefix script '/home/gaurav/Desktop/ros_humble/src/install/local_setup.ps1'
[1.420s] INFO:colcon.colcon_core.shell:Creating prefix util module '/home/gaurav/Desktop/ros_humble/src/install/_local_setup_util_ps1.py'
[1.422s] INFO:colcon.colcon_core.shell:Creating prefix chain script '/home/gaurav/Desktop/ros_humble/src/install/setup.ps1'
[1.423s] INFO:colcon.colcon_core.shell:Creating prefix script '/home/gaurav/Desktop/ros_humble/src/install/local_setup.sh'
[1.424s] INFO:colcon.colcon_core.shell:Creating prefix util module '/home/gaurav/Desktop/ros_humble/src/install/_local_setup_util_sh.py'
[1.425s] INFO:colcon.colcon_core.shell:Creating prefix chain script '/home/gaurav/Desktop/ros_humble/src/install/setup.sh'
[1.426s] INFO:colcon.colcon_core.shell:Creating prefix script '/home/gaurav/Desktop/ros_humble/src/install/local_setup.bash'
[1.426s] INFO:colcon.colcon_core.shell:Creating prefix chain script '/home/gaurav/Desktop/ros_humble/src/install/setup.bash'
[1.427s] INFO:colcon.colcon_core.shell:Creating prefix script '/home/gaurav/Desktop/ros_humble/src/install/local_setup.zsh'
[1.427s] INFO:colcon.colcon_core.shell:Creating prefix chain script '/home/gaurav/Desktop/ros_humble/src/install/setup.zsh'
