[0.012s] Invoking command in '/home/gaurav/Desktop/ROS/ros2_ws/build/simple_pkg': CMAKE_PREFIX_PATH=${CMAKE_PREFIX_PATH}:/opt/ros/humble /usr/bin/cmake --build /home/gaurav/Desktop/ROS/ros2_ws/build/simple_pkg -- -j8 -l8
[0.030s] -- Found ament_cmake: 1.3.9 (/opt/ros/humble/share/ament_cmake/cmake)
[0.116s] -- Found rclcpp: 16.0.9 (/opt/ros/humble/share/rclcpp/cmake)
[0.136s] -- Found rosidl_generator_c: 3.1.5 (/opt/ros/humble/share/rosidl_generator_c/cmake)
[0.137s] -- Found rosidl_adapter: 3.1.5 (/opt/ros/humble/share/rosidl_adapter/cmake)
[0.141s] -- Found rosidl_generator_cpp: 3.1.5 (/opt/ros/humble/share/rosidl_generator_cpp/cmake)
[0.149s] -- Using all available rosidl_typesupport_c: rosidl_typesupport_fastrtps_c;rosidl_typesupport_introspection_c
[0.159s] -- Using all available rosidl_typesupport_cpp: rosidl_typesupport_fastrtps_cpp;rosidl_typesupport_introspection_cpp
[0.196s] -- Found rmw_implementation_cmake: 6.1.2 (/opt/ros/humble/share/rmw_implementation_cmake/cmake)
[0.197s] -- Found rmw_fastrtps_cpp: 6.2.6 (/opt/ros/humble/share/rmw_fastrtps_cpp/cmake)
[0.278s] -- Using RMW implementation 'rmw_fastrtps_cpp' as default
[0.379s] -- Found rclpy: 3.3.13 (/opt/ros/humble/share/rclpy/cmake)
[0.379s] -- Found ament_lint_auto: 0.12.11 (/opt/ros/humble/share/ament_lint_auto/cmake)
[0.428s] -- Added test 'flake8' to check Python code syntax and style conventions
[0.428s] -- Added test 'lint_cmake' to check CMake code style
[0.428s] -- Added test 'pep257' to check Python code against some of the docstring style conventions in PEP 257
[0.429s] -- Added test 'xmllint' to check XML markup files
[0.429s] -- Configuring done
[0.437s] -- Generating done
[0.437s] -- Build files have been written to: /home/gaurav/Desktop/ROS/ros2_ws/build/simple_pkg
[0.462s] Invoked command in '/home/gaurav/Desktop/ROS/ros2_ws/build/simple_pkg' returned '0': CMAKE_PREFIX_PATH=${CMAKE_PREFIX_PATH}:/opt/ros/humble /usr/bin/cmake --build /home/gaurav/Desktop/ROS/ros2_ws/build/simple_pkg -- -j8 -l8
[0.487s] Invoking command in '/home/gaurav/Desktop/ROS/ros2_ws/build/simple_pkg': CMAKE_PREFIX_PATH=${CMAKE_PREFIX_PATH}:/opt/ros/humble /usr/bin/cmake --install /home/gaurav/Desktop/ROS/ros2_ws/build/simple_pkg
[0.493s] -- Install configuration: ""
[0.493s] -- Up-to-date: /home/gaurav/Desktop/ROS/ros2_ws/install/simple_pkg/lib/simple_pkg/pub.py
[0.493s] -- Installing: /home/gaurav/Desktop/ROS/ros2_ws/install/simple_pkg/lib/simple_pkg/sub.py
[0.493s] -- Up-to-date: /home/gaurav/Desktop/ROS/ros2_ws/install/simple_pkg/share/ament_index/resource_index/package_run_dependencies/simple_pkg
[0.494s] -- Installing: /home/gaurav/Desktop/ROS/ros2_ws/install/simple_pkg/share/ament_index/resource_index/parent_prefix_path/simple_pkg
[0.494s] -- Up-to-date: /home/gaurav/Desktop/ROS/ros2_ws/install/simple_pkg/share/simple_pkg/environment/ament_prefix_path.sh
[0.494s] -- Installing: /home/gaurav/Desktop/ROS/ros2_ws/install/simple_pkg/share/simple_pkg/environment/ament_prefix_path.dsv
[0.494s] -- Up-to-date: /home/gaurav/Desktop/ROS/ros2_ws/install/simple_pkg/share/simple_pkg/environment/path.sh
[0.494s] -- Installing: /home/gaurav/Desktop/ROS/ros2_ws/install/simple_pkg/share/simple_pkg/environment/path.dsv
[0.494s] -- Up-to-date: /home/gaurav/Desktop/ROS/ros2_ws/install/simple_pkg/share/simple_pkg/local_setup.bash
[0.494s] -- Up-to-date: /home/gaurav/Desktop/ROS/ros2_ws/install/simple_pkg/share/simple_pkg/local_setup.sh
[0.494s] -- Up-to-date: /home/gaurav/Desktop/ROS/ros2_ws/install/simple_pkg/share/simple_pkg/local_setup.zsh
[0.494s] -- Installing: /home/gaurav/Desktop/ROS/ros2_ws/install/simple_pkg/share/simple_pkg/local_setup.dsv
[0.494s] -- Installing: /home/gaurav/Desktop/ROS/ros2_ws/install/simple_pkg/share/simple_pkg/package.dsv
[0.494s] -- Up-to-date: /home/gaurav/Desktop/ROS/ros2_ws/install/simple_pkg/share/ament_index/resource_index/packages/simple_pkg
[0.494s] -- Up-to-date: /home/gaurav/Desktop/ROS/ros2_ws/install/simple_pkg/share/simple_pkg/cmake/simple_pkgConfig.cmake
[0.495s] -- Up-to-date: /home/gaurav/Desktop/ROS/ros2_ws/install/simple_pkg/share/simple_pkg/cmake/simple_pkgConfig-version.cmake
[0.495s] -- Up-to-date: /home/gaurav/Desktop/ROS/ros2_ws/install/simple_pkg/share/simple_pkg/package.xml
[0.496s] Invoked command in '/home/gaurav/Desktop/ROS/ros2_ws/build/simple_pkg' returned '0': CMAKE_PREFIX_PATH=${CMAKE_PREFIX_PATH}:/opt/ros/humble /usr/bin/cmake --install /home/gaurav/Desktop/ROS/ros2_ws/build/simple_pkg
