[0.011s] Invoking command in '/home/gaurav/Desktop/ros_humble/src/build/int_add': CMAKE_PREFIX_PATH=/opt/ros/humble /usr/bin/cmake /home/gaurav/Desktop/ros_humble/src/int_add -DCMAKE_INSTALL_PREFIX=/home/gaurav/Desktop/ros_humble/src/install/int_add
[0.070s] -- The C compiler identification is GNU 11.4.0
[0.120s] -- The CXX compiler identification is GNU 11.4.0
[0.128s] -- Detecting C compiler ABI info
[0.177s] -- Detecting C compiler ABI info - done
[0.182s] -- Check for working C compiler: /usr/lib/ccache/cc - skipped
[0.183s] -- Detecting C compile features
[0.183s] -- Detecting C compile features - done
[0.186s] -- Detecting CXX compiler ABI info
[0.251s] -- Detecting CXX compiler ABI info - done
[0.259s] -- Check for working CXX compiler: /usr/lib/ccache/c++ - skipped
[0.259s] -- Detecting CXX compile features
[0.260s] -- Detecting CXX compile features - done
[0.261s] -- Found ament_cmake: 1.3.9 (/opt/ros/humble/share/ament_cmake/cmake)
[0.382s] -- Found Python3: /usr/bin/python3 (found version "3.10.12") found components: Interpreter 
[0.454s] -- Found rclcpp: 16.0.9 (/opt/ros/humble/share/rclcpp/cmake)
[0.484s] -- Found rosidl_generator_c: 3.1.5 (/opt/ros/humble/share/rosidl_generator_c/cmake)
[0.487s] -- Found rosidl_adapter: 3.1.5 (/opt/ros/humble/share/rosidl_adapter/cmake)
[0.493s] -- Found rosidl_generator_cpp: 3.1.5 (/opt/ros/humble/share/rosidl_generator_cpp/cmake)
[0.503s] -- Using all available rosidl_typesupport_c: rosidl_typesupport_fastrtps_c;rosidl_typesupport_introspection_c
[0.517s] -- Using all available rosidl_typesupport_cpp: rosidl_typesupport_fastrtps_cpp;rosidl_typesupport_introspection_cpp
[0.572s] -- Found rmw_implementation_cmake: 6.1.2 (/opt/ros/humble/share/rmw_implementation_cmake/cmake)
[0.574s] -- Found rmw_fastrtps_cpp: 6.2.6 (/opt/ros/humble/share/rmw_fastrtps_cpp/cmake)
[0.663s] -- Found OpenSSL: /usr/lib/x86_64-linux-gnu/libcrypto.so (found version "3.0.2")  
[0.689s] -- Found FastRTPS: /opt/ros/humble/include  
[0.739s] -- Using RMW implementation 'rmw_fastrtps_cpp' as default
[0.745s] -- Looking for pthread.h
[0.798s] -- Looking for pthread.h - found
[0.799s] -- Performing Test CMAKE_HAVE_LIBC_PTHREAD
[0.855s] -- Performing Test CMAKE_HAVE_LIBC_PTHREAD - Success
[0.856s] -- Found Threads: TRUE  
[0.973s] -- Found rclpy: 3.3.13 (/opt/ros/humble/share/rclpy/cmake)
[0.973s] -- Found ament_lint_auto: 0.12.11 (/opt/ros/humble/share/ament_lint_auto/cmake)
[1.038s] -- Added test 'flake8' to check Python code syntax and style conventions
[1.038s] -- Added test 'lint_cmake' to check CMake code style
[1.039s] -- Added test 'pep257' to check Python code against some of the docstring style conventions in PEP 257
[1.040s] -- Added test 'xmllint' to check XML markup files
[1.041s] -- Configuring done
[1.045s] -- Generating done
[1.046s] -- Build files have been written to: /home/gaurav/Desktop/ros_humble/src/build/int_add
[1.055s] Invoked command in '/home/gaurav/Desktop/ros_humble/src/build/int_add' returned '0': CMAKE_PREFIX_PATH=/opt/ros/humble /usr/bin/cmake /home/gaurav/Desktop/ros_humble/src/int_add -DCMAKE_INSTALL_PREFIX=/home/gaurav/Desktop/ros_humble/src/install/int_add
[1.055s] Invoking command in '/home/gaurav/Desktop/ros_humble/src/build/int_add': CMAKE_PREFIX_PATH=/opt/ros/humble /usr/bin/cmake --build /home/gaurav/Desktop/ros_humble/src/build/int_add -- -j8 -l8
[1.090s] Invoked command in '/home/gaurav/Desktop/ros_humble/src/build/int_add' returned '0': CMAKE_PREFIX_PATH=/opt/ros/humble /usr/bin/cmake --build /home/gaurav/Desktop/ros_humble/src/build/int_add -- -j8 -l8
[1.110s] Invoking command in '/home/gaurav/Desktop/ros_humble/src/build/int_add': CMAKE_PREFIX_PATH=/opt/ros/humble /usr/bin/cmake --install /home/gaurav/Desktop/ros_humble/src/build/int_add
[1.117s] -- Install configuration: ""
[1.117s] -- Installing: /home/gaurav/Desktop/ros_humble/src/install/int_add/lib/int_add/pub_add.py
[1.118s] -- Installing: /home/gaurav/Desktop/ros_humble/src/install/int_add/lib/int_add/sub_add.py
[1.118s] -- Installing: /home/gaurav/Desktop/ros_humble/src/install/int_add/share/ament_index/resource_index/package_run_dependencies/int_add
[1.118s] -- Installing: /home/gaurav/Desktop/ros_humble/src/install/int_add/share/ament_index/resource_index/parent_prefix_path/int_add
[1.118s] -- Installing: /home/gaurav/Desktop/ros_humble/src/install/int_add/share/int_add/environment/ament_prefix_path.sh
[1.118s] -- Installing: /home/gaurav/Desktop/ros_humble/src/install/int_add/share/int_add/environment/ament_prefix_path.dsv
[1.119s] -- Installing: /home/gaurav/Desktop/ros_humble/src/install/int_add/share/int_add/environment/path.sh
[1.119s] -- Installing: /home/gaurav/Desktop/ros_humble/src/install/int_add/share/int_add/environment/path.dsv
[1.119s] -- Installing: /home/gaurav/Desktop/ros_humble/src/install/int_add/share/int_add/local_setup.bash
[1.119s] -- Installing: /home/gaurav/Desktop/ros_humble/src/install/int_add/share/int_add/local_setup.sh
[1.119s] -- Installing: /home/gaurav/Desktop/ros_humble/src/install/int_add/share/int_add/local_setup.zsh
[1.119s] -- Installing: /home/gaurav/Desktop/ros_humble/src/install/int_add/share/int_add/local_setup.dsv
[1.119s] -- Installing: /home/gaurav/Desktop/ros_humble/src/install/int_add/share/int_add/package.dsv
[1.120s] -- Installing: /home/gaurav/Desktop/ros_humble/src/install/int_add/share/ament_index/resource_index/packages/int_add
[1.120s] -- Installing: /home/gaurav/Desktop/ros_humble/src/install/int_add/share/int_add/cmake/int_addConfig.cmake
[1.120s] -- Installing: /home/gaurav/Desktop/ros_humble/src/install/int_add/share/int_add/cmake/int_addConfig-version.cmake
[1.120s] -- Installing: /home/gaurav/Desktop/ros_humble/src/install/int_add/share/int_add/package.xml
[1.127s] Invoked command in '/home/gaurav/Desktop/ros_humble/src/build/int_add' returned '0': CMAKE_PREFIX_PATH=/opt/ros/humble /usr/bin/cmake --install /home/gaurav/Desktop/ros_humble/src/build/int_add
