[0.012s] Invoking command in '/home/gaurav/Desktop/ROS/ros2_ws/build/int_add': CMAKE_PREFIX_PATH=${CMAKE_PREFIX_PATH}:/opt/ros/humble /usr/bin/cmake --build /home/gaurav/Desktop/ROS/ros2_ws/build/int_add -- -j8 -l8
[0.037s] -- Found ament_cmake: 1.3.9 (/opt/ros/humble/share/ament_cmake/cmake)
[0.140s] -- Found rclcpp: 16.0.9 (/opt/ros/humble/share/rclcpp/cmake)
[0.163s] -- Found rosidl_generator_c: 3.1.5 (/opt/ros/humble/share/rosidl_generator_c/cmake)
[0.164s] -- Found rosidl_adapter: 3.1.5 (/opt/ros/humble/share/rosidl_adapter/cmake)
[0.169s] -- Found rosidl_generator_cpp: 3.1.5 (/opt/ros/humble/share/rosidl_generator_cpp/cmake)
[0.178s] -- Using all available rosidl_typesupport_c: rosidl_typesupport_fastrtps_c;rosidl_typesupport_introspection_c
[0.193s] -- Using all available rosidl_typesupport_cpp: rosidl_typesupport_fastrtps_cpp;rosidl_typesupport_introspection_cpp
[0.235s] -- Found rmw_implementation_cmake: 6.1.2 (/opt/ros/humble/share/rmw_implementation_cmake/cmake)
[0.236s] -- Found rmw_fastrtps_cpp: 6.2.6 (/opt/ros/humble/share/rmw_fastrtps_cpp/cmake)
[0.324s] -- Using RMW implementation 'rmw_fastrtps_cpp' as default
[0.436s] -- Found rclpy: 3.3.13 (/opt/ros/humble/share/rclpy/cmake)
[0.436s] -- Found ament_lint_auto: 0.12.11 (/opt/ros/humble/share/ament_lint_auto/cmake)
[0.491s] -- Added test 'flake8' to check Python code syntax and style conventions
[0.491s] -- Added test 'lint_cmake' to check CMake code style
[0.491s] -- Added test 'pep257' to check Python code against some of the docstring style conventions in PEP 257
[0.492s] -- Added test 'xmllint' to check XML markup files
[0.492s] -- Configuring done
[0.495s] -- Generating done
[0.497s] -- Build files have been written to: /home/gaurav/Desktop/ROS/ros2_ws/build/int_add
[0.521s] Invoked command in '/home/gaurav/Desktop/ROS/ros2_ws/build/int_add' returned '0': CMAKE_PREFIX_PATH=${CMAKE_PREFIX_PATH}:/opt/ros/humble /usr/bin/cmake --build /home/gaurav/Desktop/ROS/ros2_ws/build/int_add -- -j8 -l8
[0.539s] Invoking command in '/home/gaurav/Desktop/ROS/ros2_ws/build/int_add': CMAKE_PREFIX_PATH=${CMAKE_PREFIX_PATH}:/opt/ros/humble /usr/bin/cmake --install /home/gaurav/Desktop/ROS/ros2_ws/build/int_add
[0.547s] -- Install configuration: ""
[0.547s] -- Up-to-date: /home/gaurav/Desktop/ROS/ros2_ws/install/int_add/lib/int_add/pub_add.py
[0.547s] -- Up-to-date: /home/gaurav/Desktop/ROS/ros2_ws/install/int_add/lib/int_add/sub_add.py
[0.547s] -- Installing: /home/gaurav/Desktop/ROS/ros2_ws/install/int_add/share/ament_index/resource_index/package_run_dependencies/int_add
[0.547s] -- Up-to-date: /home/gaurav/Desktop/ROS/ros2_ws/install/int_add/share/ament_index/resource_index/parent_prefix_path/int_add
[0.548s] -- Up-to-date: /home/gaurav/Desktop/ROS/ros2_ws/install/int_add/share/int_add/environment/ament_prefix_path.sh
[0.548s] -- Installing: /home/gaurav/Desktop/ROS/ros2_ws/install/int_add/share/int_add/environment/ament_prefix_path.dsv
[0.548s] -- Up-to-date: /home/gaurav/Desktop/ROS/ros2_ws/install/int_add/share/int_add/environment/path.sh
[0.548s] -- Installing: /home/gaurav/Desktop/ROS/ros2_ws/install/int_add/share/int_add/environment/path.dsv
[0.548s] -- Up-to-date: /home/gaurav/Desktop/ROS/ros2_ws/install/int_add/share/int_add/local_setup.bash
[0.548s] -- Up-to-date: /home/gaurav/Desktop/ROS/ros2_ws/install/int_add/share/int_add/local_setup.sh
[0.548s] -- Up-to-date: /home/gaurav/Desktop/ROS/ros2_ws/install/int_add/share/int_add/local_setup.zsh
[0.548s] -- Installing: /home/gaurav/Desktop/ROS/ros2_ws/install/int_add/share/int_add/local_setup.dsv
[0.548s] -- Installing: /home/gaurav/Desktop/ROS/ros2_ws/install/int_add/share/int_add/package.dsv
[0.548s] -- Up-to-date: /home/gaurav/Desktop/ROS/ros2_ws/install/int_add/share/ament_index/resource_index/packages/int_add
[0.549s] -- Up-to-date: /home/gaurav/Desktop/ROS/ros2_ws/install/int_add/share/int_add/cmake/int_addConfig.cmake
[0.549s] -- Up-to-date: /home/gaurav/Desktop/ROS/ros2_ws/install/int_add/share/int_add/cmake/int_addConfig-version.cmake
[0.549s] -- Installing: /home/gaurav/Desktop/ROS/ros2_ws/install/int_add/share/int_add/package.xml
[0.550s] Invoked command in '/home/gaurav/Desktop/ROS/ros2_ws/build/int_add' returned '0': CMAKE_PREFIX_PATH=${CMAKE_PREFIX_PATH}:/opt/ros/humble /usr/bin/cmake --install /home/gaurav/Desktop/ROS/ros2_ws/build/int_add
