-- The C compiler identification is GNU 11.4.0
-- The CXX compiler identification is GNU 11.4.0
-- Detecting C compiler ABI info
-- Detecting C compiler ABI info - done
-- Check for working C compiler: /usr/lib/ccache/cc - skipped
-- Detecting C compile features
-- Detecting C compile features - done
-- Detecting CXX compiler ABI info
-- Detecting CXX compiler ABI info - done
-- Check for working CXX compiler: /usr/lib/ccache/c++ - skipped
-- Detecting CXX compile features
-- Detecting CXX compile features - done
-- Found ament_cmake: 1.3.9 (/opt/ros/humble/share/ament_cmake/cmake)
-- Found Python3: /usr/bin/python3 (found version "3.10.12") found components: Interpreter 
-- Found ament_lint_auto: 0.12.11 (/opt/ros/humble/share/ament_lint_auto/cmake)
-- Added test 'lint_cmake' to check CMake code style
-- Added test 'xmllint' to check XML markup files
-- Configuring done
-- Generating done
-- Build files have been written to: /home/gaurav/Desktop/ROS/ros2_ws/build/int_add
-- Install configuration: ""
-- Installing: /home/gaurav/Desktop/ROS/ros2_ws/install/int_add/share/ament_index/resource_index/package_run_dependencies/int_add
-- Installing: /home/gaurav/Desktop/ROS/ros2_ws/install/int_add/share/ament_index/resource_index/parent_prefix_path/int_add
-- Installing: /home/gaurav/Desktop/ROS/ros2_ws/install/int_add/share/int_add/environment/ament_prefix_path.sh
-- Installing: /home/gaurav/Desktop/ROS/ros2_ws/install/int_add/share/int_add/environment/ament_prefix_path.dsv
-- Installing: /home/gaurav/Desktop/ROS/ros2_ws/install/int_add/share/int_add/environment/path.sh
-- Installing: /home/gaurav/Desktop/ROS/ros2_ws/install/int_add/share/int_add/environment/path.dsv
-- Installing: /home/gaurav/Desktop/ROS/ros2_ws/install/int_add/share/int_add/local_setup.bash
-- Installing: /home/gaurav/Desktop/ROS/ros2_ws/install/int_add/share/int_add/local_setup.sh
-- Installing: /home/gaurav/Desktop/ROS/ros2_ws/install/int_add/share/int_add/local_setup.zsh
-- Installing: /home/gaurav/Desktop/ROS/ros2_ws/install/int_add/share/int_add/local_setup.dsv
-- Installing: /home/gaurav/Desktop/ROS/ros2_ws/install/int_add/share/int_add/package.dsv
-- Installing: /home/gaurav/Desktop/ROS/ros2_ws/install/int_add/share/ament_index/resource_index/packages/int_add
-- Installing: /home/gaurav/Desktop/ROS/ros2_ws/install/int_add/share/int_add/cmake/int_addConfig.cmake
-- Installing: /home/gaurav/Desktop/ROS/ros2_ws/install/int_add/share/int_add/cmake/int_addConfig-version.cmake
-- Installing: /home/gaurav/Desktop/ROS/ros2_ws/install/int_add/share/int_add/package.xml
