[0.009s] Invoking command in '/home/gaurav/Desktop/ROS/ros2_ws/build/int_add': CMAKE_PREFIX_PATH=/opt/ros/humble /usr/bin/cmake /home/gaurav/Desktop/ROS/ros2_ws/src/int_add -DCMAKE_INSTALL_PREFIX=/home/gaurav/Desktop/ROS/ros2_ws/install/int_add
[0.079s] -- The C compiler identification is GNU 11.4.0
[0.145s] -- The CXX compiler identification is GNU 11.4.0
[0.154s] -- Detecting C compiler ABI info
[0.201s] -- Detecting C compiler ABI info - done
[0.207s] -- Check for working C compiler: /usr/lib/ccache/cc - skipped
[0.207s] -- Detecting C compile features
[0.208s] -- Detecting C compile features - done
[0.210s] -- Detecting CXX compiler ABI info
[0.264s] -- Detecting CXX compiler ABI info - done
[0.269s] -- Check for working CXX compiler: /usr/lib/ccache/c++ - skipped
[0.270s] -- Detecting CXX compile features
[0.270s] -- Detecting CXX compile features - done
[0.272s] -- Found ament_cmake: 1.3.9 (/opt/ros/humble/share/ament_cmake/cmake)
[0.382s] -- Found Python3: /usr/bin/python3 (found version "3.10.12") found components: Interpreter 
[0.450s] -- Found ament_lint_auto: 0.12.11 (/opt/ros/humble/share/ament_lint_auto/cmake)
[0.505s] -- Added test 'lint_cmake' to check CMake code style
[0.506s] -- Added test 'xmllint' to check XML markup files
[0.507s] -- Configuring done
[0.509s] -- Generating done
[0.509s] -- Build files have been written to: /home/gaurav/Desktop/ROS/ros2_ws/build/int_add
[0.512s] Invoked command in '/home/gaurav/Desktop/ROS/ros2_ws/build/int_add' returned '0': CMAKE_PREFIX_PATH=/opt/ros/humble /usr/bin/cmake /home/gaurav/Desktop/ROS/ros2_ws/src/int_add -DCMAKE_INSTALL_PREFIX=/home/gaurav/Desktop/ROS/ros2_ws/install/int_add
[0.513s] Invoking command in '/home/gaurav/Desktop/ROS/ros2_ws/build/int_add': CMAKE_PREFIX_PATH=/opt/ros/humble /usr/bin/cmake --build /home/gaurav/Desktop/ROS/ros2_ws/build/int_add -- -j8 -l8
[0.543s] Invoked command in '/home/gaurav/Desktop/ROS/ros2_ws/build/int_add' returned '0': CMAKE_PREFIX_PATH=/opt/ros/humble /usr/bin/cmake --build /home/gaurav/Desktop/ROS/ros2_ws/build/int_add -- -j8 -l8
[0.563s] Invoking command in '/home/gaurav/Desktop/ROS/ros2_ws/build/int_add': CMAKE_PREFIX_PATH=/opt/ros/humble /usr/bin/cmake --install /home/gaurav/Desktop/ROS/ros2_ws/build/int_add
[0.570s] -- Install configuration: ""
[0.570s] -- Installing: /home/gaurav/Desktop/ROS/ros2_ws/install/int_add/share/ament_index/resource_index/package_run_dependencies/int_add
[0.570s] -- Installing: /home/gaurav/Desktop/ROS/ros2_ws/install/int_add/share/ament_index/resource_index/parent_prefix_path/int_add
[0.570s] -- Installing: /home/gaurav/Desktop/ROS/ros2_ws/install/int_add/share/int_add/environment/ament_prefix_path.sh
[0.571s] -- Installing: /home/gaurav/Desktop/ROS/ros2_ws/install/int_add/share/int_add/environment/ament_prefix_path.dsv
[0.571s] -- Installing: /home/gaurav/Desktop/ROS/ros2_ws/install/int_add/share/int_add/environment/path.sh
[0.571s] -- Installing: /home/gaurav/Desktop/ROS/ros2_ws/install/int_add/share/int_add/environment/path.dsv
[0.571s] -- Installing: /home/gaurav/Desktop/ROS/ros2_ws/install/int_add/share/int_add/local_setup.bash
[0.571s] -- Installing: /home/gaurav/Desktop/ROS/ros2_ws/install/int_add/share/int_add/local_setup.sh
[0.571s] -- Installing: /home/gaurav/Desktop/ROS/ros2_ws/install/int_add/share/int_add/local_setup.zsh
[0.571s] -- Installing: /home/gaurav/Desktop/ROS/ros2_ws/install/int_add/share/int_add/local_setup.dsv
[0.571s] -- Installing: /home/gaurav/Desktop/ROS/ros2_ws/install/int_add/share/int_add/package.dsv
[0.571s] -- Installing: /home/gaurav/Desktop/ROS/ros2_ws/install/int_add/share/ament_index/resource_index/packages/int_add
[0.571s] -- Installing: /home/gaurav/Desktop/ROS/ros2_ws/install/int_add/share/int_add/cmake/int_addConfig.cmake
[0.571s] -- Installing: /home/gaurav/Desktop/ROS/ros2_ws/install/int_add/share/int_add/cmake/int_addConfig-version.cmake
[0.571s] -- Installing: /home/gaurav/Desktop/ROS/ros2_ws/install/int_add/share/int_add/package.xml
[0.573s] Invoked command in '/home/gaurav/Desktop/ROS/ros2_ws/build/int_add' returned '0': CMAKE_PREFIX_PATH=/opt/ros/humble /usr/bin/cmake --install /home/gaurav/Desktop/ROS/ros2_ws/build/int_add
