-- Found ament_cmake: 1.3.9 (/opt/ros/humble/share/ament_cmake/cmake)
-- Override CMake install command with custom implementation using symlinks instead of copying resources
-- Found ament_lint_auto: 0.12.11 (/opt/ros/humble/share/ament_lint_auto/cmake)
-- Added test 'lint_cmake' to check CMake code style
-- Added test 'xmllint' to check XML markup files
-- Configuring done
-- Generating done
-- Build files have been written to: /home/gaurav/Desktop/ros_humble/src/build/robot_simple
-- Install configuration: ""
-- Execute custom install script
-- Symlinking: /home/gaurav/Desktop/ros_humble/src/install/robot_simple/share/ament_index/resource_index/package_run_dependencies/robot_simple
-- Symlinking: /home/gaurav/Desktop/ros_humble/src/install/robot_simple/share/ament_index/resource_index/parent_prefix_path/robot_simple
-- Symlinking: /home/gaurav/Desktop/ros_humble/src/install/robot_simple/share/robot_simple/environment/ament_prefix_path.sh
-- Symlinking: /home/gaurav/Desktop/ros_humble/src/install/robot_simple/share/robot_simple/environment/ament_prefix_path.dsv
-- Symlinking: /home/gaurav/Desktop/ros_humble/src/install/robot_simple/share/robot_simple/environment/path.sh
-- Symlinking: /home/gaurav/Desktop/ros_humble/src/install/robot_simple/share/robot_simple/environment/path.dsv
-- Symlinking: /home/gaurav/Desktop/ros_humble/src/install/robot_simple/share/robot_simple/local_setup.bash
-- Symlinking: /home/gaurav/Desktop/ros_humble/src/install/robot_simple/share/robot_simple/local_setup.sh
-- Symlinking: /home/gaurav/Desktop/ros_humble/src/install/robot_simple/share/robot_simple/local_setup.zsh
-- Symlinking: /home/gaurav/Desktop/ros_humble/src/install/robot_simple/share/robot_simple/local_setup.dsv
-- Symlinking: /home/gaurav/Desktop/ros_humble/src/install/robot_simple/share/robot_simple/package.dsv
-- Symlinking: /home/gaurav/Desktop/ros_humble/src/install/robot_simple/share/ament_index/resource_index/packages/robot_simple
-- Symlinking: /home/gaurav/Desktop/ros_humble/src/install/robot_simple/share/robot_simple/cmake/robot_simpleConfig.cmake
-- Symlinking: /home/gaurav/Desktop/ros_humble/src/install/robot_simple/share/robot_simple/cmake/robot_simpleConfig-version.cmake
-- Symlinking: /home/gaurav/Desktop/ros_humble/src/install/robot_simple/share/robot_simple/package.xml
