[0.010s] Invoking command in '/home/gaurav/Desktop/ros_humble/src/build/robot_simple': CMAKE_PREFIX_PATH=/opt/ros/humble /usr/bin/cmake /home/gaurav/Desktop/ros_humble/src/robot_simple -DAMENT_CMAKE_SYMLINK_INSTALL=1 -DCMAKE_INSTALL_PREFIX=/home/gaurav/Desktop/ros_humble/src/install/robot_simple
[0.020s] -- Found ament_cmake: 1.3.9 (/opt/ros/humble/share/ament_cmake/cmake)
[0.122s] -- Override CMake install command with custom implementation using symlinks instead of copying resources
[0.128s] -- Found ament_lint_auto: 0.12.11 (/opt/ros/humble/share/ament_lint_auto/cmake)
[0.185s] -- Added test 'lint_cmake' to check CMake code style
[0.186s] -- Added test 'xmllint' to check XML markup files
[0.188s] -- Configuring done
[0.191s] -- Generating done
[0.192s] -- Build files have been written to: /home/gaurav/Desktop/ros_humble/src/build/robot_simple
[0.195s] Invoked command in '/home/gaurav/Desktop/ros_humble/src/build/robot_simple' returned '0': CMAKE_PREFIX_PATH=/opt/ros/humble /usr/bin/cmake /home/gaurav/Desktop/ros_humble/src/robot_simple -DAMENT_CMAKE_SYMLINK_INSTALL=1 -DCMAKE_INSTALL_PREFIX=/home/gaurav/Desktop/ros_humble/src/install/robot_simple
[0.198s] Invoking command in '/home/gaurav/Desktop/ros_humble/src/build/robot_simple': CMAKE_PREFIX_PATH=/opt/ros/humble /usr/bin/cmake --build /home/gaurav/Desktop/ros_humble/src/build/robot_simple -- -j8 -l8
[0.231s] Invoked command in '/home/gaurav/Desktop/ros_humble/src/build/robot_simple' returned '0': CMAKE_PREFIX_PATH=/opt/ros/humble /usr/bin/cmake --build /home/gaurav/Desktop/ros_humble/src/build/robot_simple -- -j8 -l8
[0.259s] Invoking command in '/home/gaurav/Desktop/ros_humble/src/build/robot_simple': CMAKE_PREFIX_PATH=/opt/ros/humble /usr/bin/cmake --install /home/gaurav/Desktop/ros_humble/src/build/robot_simple
[0.265s] -- Install configuration: ""
[0.265s] -- Execute custom install script
[0.265s] -- Symlinking: /home/gaurav/Desktop/ros_humble/src/install/robot_simple/share/ament_index/resource_index/package_run_dependencies/robot_simple
[0.272s] -- Symlinking: /home/gaurav/Desktop/ros_humble/src/install/robot_simple/share/ament_index/resource_index/parent_prefix_path/robot_simple
[0.281s] -- Symlinking: /home/gaurav/Desktop/ros_humble/src/install/robot_simple/share/robot_simple/environment/ament_prefix_path.sh
[0.289s] -- Symlinking: /home/gaurav/Desktop/ros_humble/src/install/robot_simple/share/robot_simple/environment/ament_prefix_path.dsv
[0.298s] -- Symlinking: /home/gaurav/Desktop/ros_humble/src/install/robot_simple/share/robot_simple/environment/path.sh
[0.306s] -- Symlinking: /home/gaurav/Desktop/ros_humble/src/install/robot_simple/share/robot_simple/environment/path.dsv
[0.315s] -- Symlinking: /home/gaurav/Desktop/ros_humble/src/install/robot_simple/share/robot_simple/local_setup.bash
[0.323s] -- Symlinking: /home/gaurav/Desktop/ros_humble/src/install/robot_simple/share/robot_simple/local_setup.sh
[0.333s] -- Symlinking: /home/gaurav/Desktop/ros_humble/src/install/robot_simple/share/robot_simple/local_setup.zsh
[0.341s] -- Symlinking: /home/gaurav/Desktop/ros_humble/src/install/robot_simple/share/robot_simple/local_setup.dsv
[0.349s] -- Symlinking: /home/gaurav/Desktop/ros_humble/src/install/robot_simple/share/robot_simple/package.dsv
[0.356s] -- Symlinking: /home/gaurav/Desktop/ros_humble/src/install/robot_simple/share/ament_index/resource_index/packages/robot_simple
[0.363s] -- Symlinking: /home/gaurav/Desktop/ros_humble/src/install/robot_simple/share/robot_simple/cmake/robot_simpleConfig.cmake
[0.370s] -- Symlinking: /home/gaurav/Desktop/ros_humble/src/install/robot_simple/share/robot_simple/cmake/robot_simpleConfig-version.cmake
[0.377s] -- Symlinking: /home/gaurav/Desktop/ros_humble/src/install/robot_simple/share/robot_simple/package.xml
[0.385s] Invoked command in '/home/gaurav/Desktop/ros_humble/src/build/robot_simple' returned '0': CMAKE_PREFIX_PATH=/opt/ros/humble /usr/bin/cmake --install /home/gaurav/Desktop/ros_humble/src/build/robot_simple
