[0.100s] DEBUG:colcon:Command line arguments: ['/usr/bin/colcon', 'build']
[0.100s] DEBUG:colcon:Parsed command line arguments: Namespace(log_base=None, log_level=None, verb_name='build', build_base='build', install_base='install', merge_install=False, symlink_install=False, test_result_base=None, continue_on_error=False, executor='parallel', parallel_workers=8, event_handlers=None, ignore_user_meta=False, metas=['./colcon.meta'], base_paths=['.'], packages_ignore=None, packages_ignore_regex=None, paths=None, packages_up_to=None, packages_up_to_regex=None, packages_above=None, packages_above_and_dependencies=None, packages_above_depth=None, packages_select_by_dep=None, packages_skip_by_dep=None, packages_skip_up_to=None, packages_select_build_failed=False, packages_skip_build_finished=False, packages_select_test_failures=False, packages_skip_test_passed=False, packages_select=None, packages_skip=None, packages_select_regex=None, packages_skip_regex=None, packages_start=None, packages_end=None, allow_overriding=[], cmake_args=None, cmake_target=None, cmake_target_skip_unavailable=False, cmake_clean_cache=False, cmake_clean_first=False, cmake_force_configure=False, ament_cmake_args=None, catkin_cmake_args=None, catkin_skip_building_tests=False, verb_parser=<colcon_defaults.argument_parser.defaults.DefaultArgumentsDecorator object at 0x7db89864c160>, verb_extension=<colcon_core.verb.build.BuildVerb object at 0x7db89860bb20>, main=<bound method BuildVerb.main of <colcon_core.verb.build.BuildVerb object at 0x7db89860bb20>>)
[0.223s] Level 1:colcon.colcon_core.package_discovery:discover_packages(colcon_meta) check parameters
[0.224s] Level 1:colcon.colcon_core.package_discovery:discover_packages(recursive) check parameters
[0.224s] Level 1:colcon.colcon_core.package_discovery:discover_packages(ignore) check parameters
[0.224s] Level 1:colcon.colcon_core.package_discovery:discover_packages(path) check parameters
[0.224s] Level 1:colcon.colcon_core.package_discovery:discover_packages(colcon_meta) discover
[0.224s] Level 1:colcon.colcon_core.package_discovery:discover_packages(recursive) discover
[0.224s] INFO:colcon.colcon_core.package_discovery:Crawling recursively for packages in '/home/gaurav/Desktop/ROS/ros2_ws'
[0.224s] Level 1:colcon.colcon_core.package_identification:_identify(.) by extensions ['ignore', 'ignore_ament_install']
[0.224s] Level 1:colcon.colcon_core.package_identification:_identify(.) by extension 'ignore'
[0.224s] Level 1:colcon.colcon_core.package_identification:_identify(.) by extension 'ignore_ament_install'
[0.224s] Level 1:colcon.colcon_core.package_identification:_identify(.) by extensions ['colcon_pkg']
[0.224s] Level 1:colcon.colcon_core.package_identification:_identify(.) by extension 'colcon_pkg'
[0.224s] Level 1:colcon.colcon_core.package_identification:_identify(.) by extensions ['colcon_meta']
[0.224s] Level 1:colcon.colcon_core.package_identification:_identify(.) by extension 'colcon_meta'
[0.224s] Level 1:colcon.colcon_core.package_identification:_identify(.) by extensions ['ros']
[0.224s] Level 1:colcon.colcon_core.package_identification:_identify(.) by extension 'ros'
[0.233s] Level 1:colcon.colcon_core.package_identification:_identify(.) by extensions ['cmake', 'python']
[0.233s] Level 1:colcon.colcon_core.package_identification:_identify(.) by extension 'cmake'
[0.233s] Level 1:colcon.colcon_core.package_identification:_identify(.) by extension 'python'
[0.233s] Level 1:colcon.colcon_core.package_identification:_identify(.) by extensions ['python_setup_py']
[0.233s] Level 1:colcon.colcon_core.package_identification:_identify(.) by extension 'python_setup_py'
[0.234s] Level 1:colcon.colcon_core.package_identification:_identify(build) by extensions ['ignore', 'ignore_ament_install']
[0.234s] Level 1:colcon.colcon_core.package_identification:_identify(build) by extension 'ignore'
[0.234s] Level 1:colcon.colcon_core.package_identification:_identify(build) ignored
[0.234s] Level 1:colcon.colcon_core.package_identification:_identify(install) by extensions ['ignore', 'ignore_ament_install']
[0.234s] Level 1:colcon.colcon_core.package_identification:_identify(install) by extension 'ignore'
[0.234s] Level 1:colcon.colcon_core.package_identification:_identify(install) ignored
[0.234s] Level 1:colcon.colcon_core.package_identification:_identify(log) by extensions ['ignore', 'ignore_ament_install']
[0.234s] Level 1:colcon.colcon_core.package_identification:_identify(log) by extension 'ignore'
[0.234s] Level 1:colcon.colcon_core.package_identification:_identify(log) ignored
[0.234s] Level 1:colcon.colcon_core.package_identification:_identify(src) by extensions ['ignore', 'ignore_ament_install']
[0.234s] Level 1:colcon.colcon_core.package_identification:_identify(src) by extension 'ignore'
[0.234s] Level 1:colcon.colcon_core.package_identification:_identify(src) by extension 'ignore_ament_install'
[0.234s] Level 1:colcon.colcon_core.package_identification:_identify(src) by extensions ['colcon_pkg']
[0.234s] Level 1:colcon.colcon_core.package_identification:_identify(src) by extension 'colcon_pkg'
[0.234s] Level 1:colcon.colcon_core.package_identification:_identify(src) by extensions ['colcon_meta']
[0.234s] Level 1:colcon.colcon_core.package_identification:_identify(src) by extension 'colcon_meta'
[0.234s] Level 1:colcon.colcon_core.package_identification:_identify(src) by extensions ['ros']
[0.235s] Level 1:colcon.colcon_core.package_identification:_identify(src) by extension 'ros'
[0.235s] Level 1:colcon.colcon_core.package_identification:_identify(src) by extensions ['cmake', 'python']
[0.235s] Level 1:colcon.colcon_core.package_identification:_identify(src) by extension 'cmake'
[0.235s] Level 1:colcon.colcon_core.package_identification:_identify(src) by extension 'python'
[0.235s] Level 1:colcon.colcon_core.package_identification:_identify(src) by extensions ['python_setup_py']
[0.235s] Level 1:colcon.colcon_core.package_identification:_identify(src) by extension 'python_setup_py'
[0.235s] Level 1:colcon.colcon_core.package_identification:_identify(src/int_add) by extensions ['ignore', 'ignore_ament_install']
[0.235s] Level 1:colcon.colcon_core.package_identification:_identify(src/int_add) by extension 'ignore'
[0.235s] Level 1:colcon.colcon_core.package_identification:_identify(src/int_add) by extension 'ignore_ament_install'
[0.235s] Level 1:colcon.colcon_core.package_identification:_identify(src/int_add) by extensions ['colcon_pkg']
[0.235s] Level 1:colcon.colcon_core.package_identification:_identify(src/int_add) by extension 'colcon_pkg'
[0.235s] Level 1:colcon.colcon_core.package_identification:_identify(src/int_add) by extensions ['colcon_meta']
[0.235s] Level 1:colcon.colcon_core.package_identification:_identify(src/int_add) by extension 'colcon_meta'
[0.235s] Level 1:colcon.colcon_core.package_identification:_identify(src/int_add) by extensions ['ros']
[0.235s] Level 1:colcon.colcon_core.package_identification:_identify(src/int_add) by extension 'ros'
[0.237s] DEBUG:colcon.colcon_core.package_identification:Package 'src/int_add' with type 'ros.ament_cmake' and name 'int_add'
[0.237s] Level 1:colcon.colcon_core.package_identification:_identify(src/simple_pkg) by extensions ['ignore', 'ignore_ament_install']
[0.237s] Level 1:colcon.colcon_core.package_identification:_identify(src/simple_pkg) by extension 'ignore'
[0.238s] Level 1:colcon.colcon_core.package_identification:_identify(src/simple_pkg) by extension 'ignore_ament_install'
[0.238s] Level 1:colcon.colcon_core.package_identification:_identify(src/simple_pkg) by extensions ['colcon_pkg']
[0.238s] Level 1:colcon.colcon_core.package_identification:_identify(src/simple_pkg) by extension 'colcon_pkg'
[0.238s] Level 1:colcon.colcon_core.package_identification:_identify(src/simple_pkg) by extensions ['colcon_meta']
[0.238s] Level 1:colcon.colcon_core.package_identification:_identify(src/simple_pkg) by extension 'colcon_meta'
[0.238s] Level 1:colcon.colcon_core.package_identification:_identify(src/simple_pkg) by extensions ['ros']
[0.238s] Level 1:colcon.colcon_core.package_identification:_identify(src/simple_pkg) by extension 'ros'
[0.238s] DEBUG:colcon.colcon_core.package_identification:Package 'src/simple_pkg' with type 'ros.ament_cmake' and name 'simple_pkg'
[0.238s] Level 1:colcon.colcon_core.package_discovery:discover_packages(recursive) using defaults
[0.238s] Level 1:colcon.colcon_core.package_discovery:discover_packages(ignore) discover
[0.238s] Level 1:colcon.colcon_core.package_discovery:discover_packages(ignore) using defaults
[0.238s] Level 1:colcon.colcon_core.package_discovery:discover_packages(path) discover
[0.239s] Level 1:colcon.colcon_core.package_discovery:discover_packages(path) using defaults
[0.255s] Level 1:colcon.colcon_core.package_discovery:discover_packages(prefix_path) check parameters
[0.255s] Level 1:colcon.colcon_core.package_discovery:discover_packages(prefix_path) discover
[0.256s] DEBUG:colcon.colcon_installed_package_information.package_discovery:Found 2 installed packages in /home/gaurav/Desktop/ROS/ros2_ws/install
[0.257s] DEBUG:colcon.colcon_installed_package_information.package_discovery:Found 270 installed packages in /opt/ros/humble
[0.259s] Level 1:colcon.colcon_core.package_discovery:discover_packages(prefix_path) using defaults
[0.296s] Level 5:colcon.colcon_core.verb:set package 'int_add' build argument 'cmake_args' from command line to 'None'
[0.296s] Level 5:colcon.colcon_core.verb:set package 'int_add' build argument 'cmake_target' from command line to 'None'
[0.296s] Level 5:colcon.colcon_core.verb:set package 'int_add' build argument 'cmake_target_skip_unavailable' from command line to 'False'
[0.296s] Level 5:colcon.colcon_core.verb:set package 'int_add' build argument 'cmake_clean_cache' from command line to 'False'
[0.296s] Level 5:colcon.colcon_core.verb:set package 'int_add' build argument 'cmake_clean_first' from command line to 'False'
[0.296s] Level 5:colcon.colcon_core.verb:set package 'int_add' build argument 'cmake_force_configure' from command line to 'False'
[0.296s] Level 5:colcon.colcon_core.verb:set package 'int_add' build argument 'ament_cmake_args' from command line to 'None'
[0.297s] Level 5:colcon.colcon_core.verb:set package 'int_add' build argument 'catkin_cmake_args' from command line to 'None'
[0.297s] Level 5:colcon.colcon_core.verb:set package 'int_add' build argument 'catkin_skip_building_tests' from command line to 'False'
[0.297s] DEBUG:colcon.colcon_core.verb:Building package 'int_add' with the following arguments: {'ament_cmake_args': None, 'build_base': '/home/gaurav/Desktop/ROS/ros2_ws/build/int_add', 'catkin_cmake_args': None, 'catkin_skip_building_tests': False, 'cmake_args': None, 'cmake_clean_cache': False, 'cmake_clean_first': False, 'cmake_force_configure': False, 'cmake_target': None, 'cmake_target_skip_unavailable': False, 'install_base': '/home/gaurav/Desktop/ROS/ros2_ws/install/int_add', 'merge_install': False, 'path': '/home/gaurav/Desktop/ROS/ros2_ws/src/int_add', 'symlink_install': False, 'test_result_base': None}
[0.297s] Level 5:colcon.colcon_core.verb:set package 'simple_pkg' build argument 'cmake_args' from command line to 'None'
[0.297s] Level 5:colcon.colcon_core.verb:set package 'simple_pkg' build argument 'cmake_target' from command line to 'None'
[0.297s] Level 5:colcon.colcon_core.verb:set package 'simple_pkg' build argument 'cmake_target_skip_unavailable' from command line to 'False'
[0.297s] Level 5:colcon.colcon_core.verb:set package 'simple_pkg' build argument 'cmake_clean_cache' from command line to 'False'
[0.297s] Level 5:colcon.colcon_core.verb:set package 'simple_pkg' build argument 'cmake_clean_first' from command line to 'False'
[0.297s] Level 5:colcon.colcon_core.verb:set package 'simple_pkg' build argument 'cmake_force_configure' from command line to 'False'
[0.297s] Level 5:colcon.colcon_core.verb:set package 'simple_pkg' build argument 'ament_cmake_args' from command line to 'None'
[0.297s] Level 5:colcon.colcon_core.verb:set package 'simple_pkg' build argument 'catkin_cmake_args' from command line to 'None'
[0.297s] Level 5:colcon.colcon_core.verb:set package 'simple_pkg' build argument 'catkin_skip_building_tests' from command line to 'False'
[0.297s] DEBUG:colcon.colcon_core.verb:Building package 'simple_pkg' with the following arguments: {'ament_cmake_args': None, 'build_base': '/home/gaurav/Desktop/ROS/ros2_ws/build/simple_pkg', 'catkin_cmake_args': None, 'catkin_skip_building_tests': False, 'cmake_args': None, 'cmake_clean_cache': False, 'cmake_clean_first': False, 'cmake_force_configure': False, 'cmake_target': None, 'cmake_target_skip_unavailable': False, 'install_base': '/home/gaurav/Desktop/ROS/ros2_ws/install/simple_pkg', 'merge_install': False, 'path': '/home/gaurav/Desktop/ROS/ros2_ws/src/simple_pkg', 'symlink_install': False, 'test_result_base': None}
[0.297s] INFO:colcon.colcon_core.executor:Executing jobs using 'parallel' executor
[0.298s] DEBUG:colcon.colcon_parallel_executor.executor.parallel:run_until_complete
[0.298s] INFO:colcon.colcon_ros.task.ament_cmake.build:Building ROS package in '/home/gaurav/Desktop/ROS/ros2_ws/src/int_add' with build type 'ament_cmake'
[0.298s] INFO:colcon.colcon_cmake.task.cmake.build:Building CMake package in '/home/gaurav/Desktop/ROS/ros2_ws/src/int_add'
[0.301s] INFO:colcon.colcon_core.plugin_system:Skipping extension 'colcon_core.shell.bat': Not used on non-Windows systems
[0.301s] INFO:colcon.colcon_core.shell:Skip shell extension 'powershell' for command environment: Not usable outside of PowerShell
[0.301s] DEBUG:colcon.colcon_core.shell:Skip shell extension 'dsv' for command environment
[0.304s] INFO:colcon.colcon_ros.task.ament_cmake.build:Building ROS package in '/home/gaurav/Desktop/ROS/ros2_ws/src/simple_pkg' with build type 'ament_cmake'
[0.304s] INFO:colcon.colcon_cmake.task.cmake.build:Building CMake package in '/home/gaurav/Desktop/ROS/ros2_ws/src/simple_pkg'
[0.304s] INFO:colcon.colcon_core.shell:Skip shell extension 'powershell' for command environment: Not usable outside of PowerShell
[0.304s] DEBUG:colcon.colcon_core.shell:Skip shell extension 'dsv' for command environment
[0.312s] DEBUG:colcon.colcon_core.event_handler.log_command:Invoking command in '/home/gaurav/Desktop/ROS/ros2_ws/build/int_add': CMAKE_PREFIX_PATH=${CMAKE_PREFIX_PATH}:/opt/ros/humble /usr/bin/cmake --build /home/gaurav/Desktop/ROS/ros2_ws/build/int_add -- -j8 -l8
[0.319s] DEBUG:colcon.colcon_core.event_handler.log_command:Invoking command in '/home/gaurav/Desktop/ROS/ros2_ws/build/simple_pkg': CMAKE_PREFIX_PATH=${CMAKE_PREFIX_PATH}:/opt/ros/humble /usr/bin/cmake --build /home/gaurav/Desktop/ROS/ros2_ws/build/simple_pkg -- -j8 -l8
[0.358s] DEBUG:colcon.colcon_core.event_handler.log_command:Invoked command in '/home/gaurav/Desktop/ROS/ros2_ws/build/int_add' returned '0': CMAKE_PREFIX_PATH=${CMAKE_PREFIX_PATH}:/opt/ros/humble /usr/bin/cmake --build /home/gaurav/Desktop/ROS/ros2_ws/build/int_add -- -j8 -l8
[0.369s] DEBUG:colcon.colcon_core.event_handler.log_command:Invoked command in '/home/gaurav/Desktop/ROS/ros2_ws/build/simple_pkg' returned '0': CMAKE_PREFIX_PATH=${CMAKE_PREFIX_PATH}:/opt/ros/humble /usr/bin/cmake --build /home/gaurav/Desktop/ROS/ros2_ws/build/simple_pkg -- -j8 -l8
[0.388s] DEBUG:colcon.colcon_core.event_handler.log_command:Invoking command in '/home/gaurav/Desktop/ROS/ros2_ws/build/int_add': CMAKE_PREFIX_PATH=${CMAKE_PREFIX_PATH}:/opt/ros/humble /usr/bin/cmake --install /home/gaurav/Desktop/ROS/ros2_ws/build/int_add
[0.390s] DEBUG:colcon.colcon_core.event_handler.log_command:Invoking command in '/home/gaurav/Desktop/ROS/ros2_ws/build/simple_pkg': CMAKE_PREFIX_PATH=${CMAKE_PREFIX_PATH}:/opt/ros/humble /usr/bin/cmake --install /home/gaurav/Desktop/ROS/ros2_ws/build/simple_pkg
[0.398s] Level 1:colcon.colcon_core.environment:create_environment_scripts_only(int_add)
[0.400s] DEBUG:colcon.colcon_core.event_handler.log_command:Invoked command in '/home/gaurav/Desktop/ROS/ros2_ws/build/int_add' returned '0': CMAKE_PREFIX_PATH=${CMAKE_PREFIX_PATH}:/opt/ros/humble /usr/bin/cmake --install /home/gaurav/Desktop/ROS/ros2_ws/build/int_add
[0.401s] Level 1:colcon.colcon_core.environment:checking '/home/gaurav/Desktop/ROS/ros2_ws/install/int_add' for CMake module files
[0.402s] Level 1:colcon.colcon_core.environment:checking '/home/gaurav/Desktop/ROS/ros2_ws/install/int_add' for CMake config files
[0.402s] Level 1:colcon.colcon_core.shell:create_environment_hook('int_add', 'cmake_prefix_path')
[0.402s] INFO:colcon.colcon_core.shell:Creating environment hook '/home/gaurav/Desktop/ROS/ros2_ws/install/int_add/share/int_add/hook/cmake_prefix_path.ps1'
[0.403s] INFO:colcon.colcon_core.shell:Creating environment descriptor '/home/gaurav/Desktop/ROS/ros2_ws/install/int_add/share/int_add/hook/cmake_prefix_path.dsv'
[0.403s] INFO:colcon.colcon_core.shell:Creating environment hook '/home/gaurav/Desktop/ROS/ros2_ws/install/int_add/share/int_add/hook/cmake_prefix_path.sh'
[0.404s] Level 1:colcon.colcon_core.environment:checking '/home/gaurav/Desktop/ROS/ros2_ws/install/int_add/lib'
[0.404s] Level 1:colcon.colcon_core.environment:checking '/home/gaurav/Desktop/ROS/ros2_ws/install/int_add/bin'
[0.404s] Level 1:colcon.colcon_core.environment:checking '/home/gaurav/Desktop/ROS/ros2_ws/install/int_add/lib/pkgconfig/int_add.pc'
[0.404s] Level 1:colcon.colcon_core.environment:checking '/home/gaurav/Desktop/ROS/ros2_ws/install/int_add/lib/python3.10/site-packages'
[0.404s] Level 1:colcon.colcon_core.environment:checking '/home/gaurav/Desktop/ROS/ros2_ws/install/int_add/bin'
[0.405s] INFO:colcon.colcon_core.shell:Creating package script '/home/gaurav/Desktop/ROS/ros2_ws/install/int_add/share/int_add/package.ps1'
[0.405s] INFO:colcon.colcon_core.shell:Creating package descriptor '/home/gaurav/Desktop/ROS/ros2_ws/install/int_add/share/int_add/package.dsv'
[0.406s] INFO:colcon.colcon_core.shell:Creating package script '/home/gaurav/Desktop/ROS/ros2_ws/install/int_add/share/int_add/package.sh'
[0.407s] INFO:colcon.colcon_core.shell:Creating package script '/home/gaurav/Desktop/ROS/ros2_ws/install/int_add/share/int_add/package.bash'
[0.407s] INFO:colcon.colcon_core.shell:Creating package script '/home/gaurav/Desktop/ROS/ros2_ws/install/int_add/share/int_add/package.zsh'
[0.407s] Level 1:colcon.colcon_core.environment:create_file_with_runtime_dependencies(/home/gaurav/Desktop/ROS/ros2_ws/install/int_add/share/colcon-core/packages/int_add)
[0.409s] Level 1:colcon.colcon_core.environment:create_environment_scripts_only(simple_pkg)
[0.409s] Level 1:colcon.colcon_core.environment:checking '/home/gaurav/Desktop/ROS/ros2_ws/install/simple_pkg' for CMake module files
[0.409s] DEBUG:colcon.colcon_core.event_handler.log_command:Invoked command in '/home/gaurav/Desktop/ROS/ros2_ws/build/simple_pkg' returned '0': CMAKE_PREFIX_PATH=${CMAKE_PREFIX_PATH}:/opt/ros/humble /usr/bin/cmake --install /home/gaurav/Desktop/ROS/ros2_ws/build/simple_pkg
[0.410s] Level 1:colcon.colcon_core.environment:checking '/home/gaurav/Desktop/ROS/ros2_ws/install/simple_pkg' for CMake config files
[0.410s] Level 1:colcon.colcon_core.shell:create_environment_hook('simple_pkg', 'cmake_prefix_path')
[0.410s] INFO:colcon.colcon_core.shell:Creating environment hook '/home/gaurav/Desktop/ROS/ros2_ws/install/simple_pkg/share/simple_pkg/hook/cmake_prefix_path.ps1'
[0.411s] INFO:colcon.colcon_core.shell:Creating environment descriptor '/home/gaurav/Desktop/ROS/ros2_ws/install/simple_pkg/share/simple_pkg/hook/cmake_prefix_path.dsv'
[0.411s] INFO:colcon.colcon_core.shell:Creating environment hook '/home/gaurav/Desktop/ROS/ros2_ws/install/simple_pkg/share/simple_pkg/hook/cmake_prefix_path.sh'
[0.411s] Level 1:colcon.colcon_core.environment:checking '/home/gaurav/Desktop/ROS/ros2_ws/install/simple_pkg/lib'
[0.412s] Level 1:colcon.colcon_core.environment:checking '/home/gaurav/Desktop/ROS/ros2_ws/install/simple_pkg/bin'
[0.412s] Level 1:colcon.colcon_core.environment:checking '/home/gaurav/Desktop/ROS/ros2_ws/install/simple_pkg/lib/pkgconfig/simple_pkg.pc'
[0.412s] Level 1:colcon.colcon_core.environment:checking '/home/gaurav/Desktop/ROS/ros2_ws/install/simple_pkg/lib/python3.10/site-packages'
[0.412s] Level 1:colcon.colcon_core.environment:checking '/home/gaurav/Desktop/ROS/ros2_ws/install/simple_pkg/bin'
[0.412s] INFO:colcon.colcon_core.shell:Creating package script '/home/gaurav/Desktop/ROS/ros2_ws/install/simple_pkg/share/simple_pkg/package.ps1'
[0.413s] INFO:colcon.colcon_core.shell:Creating package descriptor '/home/gaurav/Desktop/ROS/ros2_ws/install/simple_pkg/share/simple_pkg/package.dsv'
[0.413s] INFO:colcon.colcon_core.shell:Creating package script '/home/gaurav/Desktop/ROS/ros2_ws/install/simple_pkg/share/simple_pkg/package.sh'
[0.413s] INFO:colcon.colcon_core.shell:Creating package script '/home/gaurav/Desktop/ROS/ros2_ws/install/simple_pkg/share/simple_pkg/package.bash'
[0.414s] INFO:colcon.colcon_core.shell:Creating package script '/home/gaurav/Desktop/ROS/ros2_ws/install/simple_pkg/share/simple_pkg/package.zsh'
[0.414s] Level 1:colcon.colcon_core.environment:create_file_with_runtime_dependencies(/home/gaurav/Desktop/ROS/ros2_ws/install/simple_pkg/share/colcon-core/packages/simple_pkg)
[0.426s] Level 1:colcon.colcon_core.environment:create_environment_scripts_only(int_add)
[0.426s] Level 1:colcon.colcon_core.environment:checking '/home/gaurav/Desktop/ROS/ros2_ws/install/int_add' for CMake module files
[0.427s] Level 1:colcon.colcon_core.environment:checking '/home/gaurav/Desktop/ROS/ros2_ws/install/int_add' for CMake config files
[0.427s] Level 1:colcon.colcon_core.shell:create_environment_hook('int_add', 'cmake_prefix_path')
[0.427s] INFO:colcon.colcon_core.shell:Creating environment hook '/home/gaurav/Desktop/ROS/ros2_ws/install/int_add/share/int_add/hook/cmake_prefix_path.ps1'
[0.428s] INFO:colcon.colcon_core.shell:Creating environment descriptor '/home/gaurav/Desktop/ROS/ros2_ws/install/int_add/share/int_add/hook/cmake_prefix_path.dsv'
[0.428s] INFO:colcon.colcon_core.shell:Creating environment hook '/home/gaurav/Desktop/ROS/ros2_ws/install/int_add/share/int_add/hook/cmake_prefix_path.sh'
[0.428s] Level 1:colcon.colcon_core.environment:checking '/home/gaurav/Desktop/ROS/ros2_ws/install/int_add/lib'
[0.429s] Level 1:colcon.colcon_core.environment:checking '/home/gaurav/Desktop/ROS/ros2_ws/install/int_add/bin'
[0.429s] Level 1:colcon.colcon_core.environment:checking '/home/gaurav/Desktop/ROS/ros2_ws/install/int_add/lib/pkgconfig/int_add.pc'
[0.429s] Level 1:colcon.colcon_core.environment:checking '/home/gaurav/Desktop/ROS/ros2_ws/install/int_add/lib/python3.10/site-packages'
[0.429s] Level 1:colcon.colcon_core.environment:checking '/home/gaurav/Desktop/ROS/ros2_ws/install/int_add/bin'
[0.429s] INFO:colcon.colcon_core.shell:Creating package script '/home/gaurav/Desktop/ROS/ros2_ws/install/int_add/share/int_add/package.ps1'
[0.430s] INFO:colcon.colcon_core.shell:Creating package descriptor '/home/gaurav/Desktop/ROS/ros2_ws/install/int_add/share/int_add/package.dsv'
[0.430s] INFO:colcon.colcon_core.shell:Creating package script '/home/gaurav/Desktop/ROS/ros2_ws/install/int_add/share/int_add/package.sh'
[0.430s] INFO:colcon.colcon_core.shell:Creating package script '/home/gaurav/Desktop/ROS/ros2_ws/install/int_add/share/int_add/package.bash'
[0.431s] INFO:colcon.colcon_core.shell:Creating package script '/home/gaurav/Desktop/ROS/ros2_ws/install/int_add/share/int_add/package.zsh'
[0.431s] Level 1:colcon.colcon_core.environment:create_file_with_runtime_dependencies(/home/gaurav/Desktop/ROS/ros2_ws/install/int_add/share/colcon-core/packages/int_add)
[0.435s] Level 1:colcon.colcon_core.environment:create_environment_scripts_only(simple_pkg)
[0.435s] Level 1:colcon.colcon_core.environment:checking '/home/gaurav/Desktop/ROS/ros2_ws/install/simple_pkg' for CMake module files
[0.435s] Level 1:colcon.colcon_core.environment:checking '/home/gaurav/Desktop/ROS/ros2_ws/install/simple_pkg' for CMake config files
[0.435s] Level 1:colcon.colcon_core.shell:create_environment_hook('simple_pkg', 'cmake_prefix_path')
[0.436s] INFO:colcon.colcon_core.shell:Creating environment hook '/home/gaurav/Desktop/ROS/ros2_ws/install/simple_pkg/share/simple_pkg/hook/cmake_prefix_path.ps1'
[0.436s] INFO:colcon.colcon_core.shell:Creating environment descriptor '/home/gaurav/Desktop/ROS/ros2_ws/install/simple_pkg/share/simple_pkg/hook/cmake_prefix_path.dsv'
[0.436s] INFO:colcon.colcon_core.shell:Creating environment hook '/home/gaurav/Desktop/ROS/ros2_ws/install/simple_pkg/share/simple_pkg/hook/cmake_prefix_path.sh'
[0.437s] Level 1:colcon.colcon_core.environment:checking '/home/gaurav/Desktop/ROS/ros2_ws/install/simple_pkg/lib'
[0.437s] Level 1:colcon.colcon_core.environment:checking '/home/gaurav/Desktop/ROS/ros2_ws/install/simple_pkg/bin'
[0.437s] Level 1:colcon.colcon_core.environment:checking '/home/gaurav/Desktop/ROS/ros2_ws/install/simple_pkg/lib/pkgconfig/simple_pkg.pc'
[0.437s] Level 1:colcon.colcon_core.environment:checking '/home/gaurav/Desktop/ROS/ros2_ws/install/simple_pkg/lib/python3.10/site-packages'
[0.437s] Level 1:colcon.colcon_core.environment:checking '/home/gaurav/Desktop/ROS/ros2_ws/install/simple_pkg/bin'
[0.438s] INFO:colcon.colcon_core.shell:Creating package script '/home/gaurav/Desktop/ROS/ros2_ws/install/simple_pkg/share/simple_pkg/package.ps1'
[0.438s] INFO:colcon.colcon_core.shell:Creating package descriptor '/home/gaurav/Desktop/ROS/ros2_ws/install/simple_pkg/share/simple_pkg/package.dsv'
[0.439s] INFO:colcon.colcon_core.shell:Creating package script '/home/gaurav/Desktop/ROS/ros2_ws/install/simple_pkg/share/simple_pkg/package.sh'
[0.439s] INFO:colcon.colcon_core.shell:Creating package script '/home/gaurav/Desktop/ROS/ros2_ws/install/simple_pkg/share/simple_pkg/package.bash'
[0.439s] INFO:colcon.colcon_core.shell:Creating package script '/home/gaurav/Desktop/ROS/ros2_ws/install/simple_pkg/share/simple_pkg/package.zsh'
[0.440s] Level 1:colcon.colcon_core.environment:create_file_with_runtime_dependencies(/home/gaurav/Desktop/ROS/ros2_ws/install/simple_pkg/share/colcon-core/packages/simple_pkg)
[0.440s] DEBUG:colcon.colcon_parallel_executor.executor.parallel:closing loop
[0.440s] DEBUG:colcon.colcon_parallel_executor.executor.parallel:loop closed
[0.440s] DEBUG:colcon.colcon_parallel_executor.executor.parallel:run_until_complete finished with '0'
[0.440s] DEBUG:colcon.colcon_core.event_reactor:joining thread
[0.444s] INFO:colcon.colcon_core.plugin_system:Skipping extension 'colcon_notification.desktop_notification.terminal_notifier': Not used on non-Darwin systems
[0.445s] INFO:colcon.colcon_core.plugin_system:Skipping extension 'colcon_notification.desktop_notification.win32': Not used on non-Windows systems
[0.445s] INFO:colcon.colcon_notification.desktop_notification:Sending desktop notification using 'notify2'
[0.456s] DEBUG:colcon.colcon_core.event_reactor:joined thread
[0.456s] INFO:colcon.colcon_core.shell:Creating prefix script '/home/gaurav/Desktop/ROS/ros2_ws/install/local_setup.ps1'
[0.457s] INFO:colcon.colcon_core.shell:Creating prefix util module '/home/gaurav/Desktop/ROS/ros2_ws/install/_local_setup_util_ps1.py'
[0.459s] INFO:colcon.colcon_core.shell:Creating prefix chain script '/home/gaurav/Desktop/ROS/ros2_ws/install/setup.ps1'
[0.460s] INFO:colcon.colcon_core.shell:Creating prefix script '/home/gaurav/Desktop/ROS/ros2_ws/install/local_setup.sh'
[0.460s] INFO:colcon.colcon_core.shell:Creating prefix util module '/home/gaurav/Desktop/ROS/ros2_ws/install/_local_setup_util_sh.py'
[0.460s] INFO:colcon.colcon_core.shell:Creating prefix chain script '/home/gaurav/Desktop/ROS/ros2_ws/install/setup.sh'
[0.461s] INFO:colcon.colcon_core.shell:Creating prefix script '/home/gaurav/Desktop/ROS/ros2_ws/install/local_setup.bash'
[0.462s] INFO:colcon.colcon_core.shell:Creating prefix chain script '/home/gaurav/Desktop/ROS/ros2_ws/install/setup.bash'
[0.463s] INFO:colcon.colcon_core.shell:Creating prefix script '/home/gaurav/Desktop/ROS/ros2_ws/install/local_setup.zsh'
[0.463s] INFO:colcon.colcon_core.shell:Creating prefix chain script '/home/gaurav/Desktop/ROS/ros2_ws/install/setup.zsh'
