[0.011s] Invoking command in '/home/gaurav/Desktop/ROS/ros2_ws/build/simple_pkg': CMAKE_PREFIX_PATH=${CMAKE_PREFIX_PATH}:/opt/ros/humble /usr/bin/cmake --build /home/gaurav/Desktop/ROS/ros2_ws/build/simple_pkg -- -j8 -l8
[0.030s] -- Found ament_cmake: 1.3.9 (/opt/ros/humble/share/ament_cmake/cmake)
[0.119s] -- Found rclcpp: 16.0.9 (/opt/ros/humble/share/rclcpp/cmake)
[0.137s] -- Found rosidl_generator_c: 3.1.5 (/opt/ros/humble/share/rosidl_generator_c/cmake)
[0.139s] -- Found rosidl_adapter: 3.1.5 (/opt/ros/humble/share/rosidl_adapter/cmake)
[0.143s] -- Found rosidl_generator_cpp: 3.1.5 (/opt/ros/humble/share/rosidl_generator_cpp/cmake)
[0.150s] -- Using all available rosidl_typesupport_c: rosidl_typesupport_fastrtps_c;rosidl_typesupport_introspection_c
[0.161s] -- Using all available rosidl_typesupport_cpp: rosidl_typesupport_fastrtps_cpp;rosidl_typesupport_introspection_cpp
[0.198s] -- Found rmw_implementation_cmake: 6.1.2 (/opt/ros/humble/share/rmw_implementation_cmake/cmake)
[0.198s] -- Found rmw_fastrtps_cpp: 6.2.6 (/opt/ros/humble/share/rmw_fastrtps_cpp/cmake)
[0.280s] -- Using RMW implementation 'rmw_fastrtps_cpp' as default
[0.381s] -- Found rclpy: 3.3.13 (/opt/ros/humble/share/rclpy/cmake)
[0.381s] -- Found ament_lint_auto: 0.12.11 (/opt/ros/humble/share/ament_lint_auto/cmake)
[0.429s] -- Added test 'flake8' to check Python code syntax and style conventions
[0.429s] -- Added test 'lint_cmake' to check CMake code style
[0.429s] -- Added test 'pep257' to check Python code against some of the docstring style conventions in PEP 257
[0.430s] -- Added test 'xmllint' to check XML markup files
[0.431s] -- Configuring done
[0.435s] -- Generating done
[0.436s] -- Build files have been written to: /home/gaurav/Desktop/ROS/ros2_ws/build/simple_pkg
[0.462s] Invoked command in '/home/gaurav/Desktop/ROS/ros2_ws/build/simple_pkg' returned '0': CMAKE_PREFIX_PATH=${CMAKE_PREFIX_PATH}:/opt/ros/humble /usr/bin/cmake --build /home/gaurav/Desktop/ROS/ros2_ws/build/simple_pkg -- -j8 -l8
[0.489s] Invoking command in '/home/gaurav/Desktop/ROS/ros2_ws/build/simple_pkg': CMAKE_PREFIX_PATH=${CMAKE_PREFIX_PATH}:/opt/ros/humble /usr/bin/cmake --install /home/gaurav/Desktop/ROS/ros2_ws/build/simple_pkg
[0.494s] -- Install configuration: ""
[0.494s] [31mCMake Error at cmake_install.cmake:46 (file):
[0.494s]   file INSTALL cannot find
[0.494s]   "/home/gaurav/Desktop/ROS/ros2_ws/src/simple_pkg/scripts/pub.py,": No such
[0.494s]   file or directory.
[0.494s] 
[0.494s] [0m
[0.496s] Invoked command in '/home/gaurav/Desktop/ROS/ros2_ws/build/simple_pkg' returned '1': CMAKE_PREFIX_PATH=${CMAKE_PREFIX_PATH}:/opt/ros/humble /usr/bin/cmake --install /home/gaurav/Desktop/ROS/ros2_ws/build/simple_pkg
