-- The C compiler identification is GNU 11.4.0
-- The CXX compiler identification is GNU 11.4.0
-- Detecting C compiler ABI info
-- Detecting C compiler ABI info - done
-- Check for working C compiler: /usr/lib/ccache/cc - skipped
-- Detecting C compile features
-- Detecting C compile features - done
-- Detecting CXX compiler ABI info
-- Detecting CXX compiler ABI info - done
-- Check for working CXX compiler: /usr/lib/ccache/c++ - skipped
-- Detecting CXX compile features
-- Detecting CXX compile features - done
-- Found ament_cmake: 1.3.9 (/opt/ros/humble/share/ament_cmake/cmake)
-- Found Python3: /usr/bin/python3 (found version "3.10.12") found components: Interpreter 
-- Found ament_lint_auto: 0.12.11 (/opt/ros/humble/share/ament_lint_auto/cmake)
-- Added test 'lint_cmake' to check CMake code style
-- Added test 'xmllint' to check XML markup files
-- Configuring done
-- Generating done
-- Build files have been written to: /home/gaurav/Desktop/ros_humble/src/build/robot_simple
-- Install configuration: ""
-- Installing: /home/gaurav/Desktop/ros_humble/src/install/robot_simple/share/ament_index/resource_index/package_run_dependencies/robot_simple
-- Installing: /home/gaurav/Desktop/ros_humble/src/install/robot_simple/share/ament_index/resource_index/parent_prefix_path/robot_simple
-- Installing: /home/gaurav/Desktop/ros_humble/src/install/robot_simple/share/robot_simple/environment/ament_prefix_path.sh
-- Installing: /home/gaurav/Desktop/ros_humble/src/install/robot_simple/share/robot_simple/environment/ament_prefix_path.dsv
-- Installing: /home/gaurav/Desktop/ros_humble/src/install/robot_simple/share/robot_simple/environment/path.sh
-- Installing: /home/gaurav/Desktop/ros_humble/src/install/robot_simple/share/robot_simple/environment/path.dsv
-- Installing: /home/gaurav/Desktop/ros_humble/src/install/robot_simple/share/robot_simple/local_setup.bash
-- Installing: /home/gaurav/Desktop/ros_humble/src/install/robot_simple/share/robot_simple/local_setup.sh
-- Installing: /home/gaurav/Desktop/ros_humble/src/install/robot_simple/share/robot_simple/local_setup.zsh
-- Installing: /home/gaurav/Desktop/ros_humble/src/install/robot_simple/share/robot_simple/local_setup.dsv
-- Installing: /home/gaurav/Desktop/ros_humble/src/install/robot_simple/share/robot_simple/package.dsv
-- Installing: /home/gaurav/Desktop/ros_humble/src/install/robot_simple/share/ament_index/resource_index/packages/robot_simple
-- Installing: /home/gaurav/Desktop/ros_humble/src/install/robot_simple/share/robot_simple/cmake/robot_simpleConfig.cmake
-- Installing: /home/gaurav/Desktop/ros_humble/src/install/robot_simple/share/robot_simple/cmake/robot_simpleConfig-version.cmake
-- Installing: /home/gaurav/Desktop/ros_humble/src/install/robot_simple/share/robot_simple/package.xml
