[0.011s] Invoking command in '/home/gaurav/Desktop/ros_humble/src/build/robot_simple': CMAKE_PREFIX_PATH=/opt/ros/humble /usr/bin/cmake /home/gaurav/Desktop/ros_humble/src/robot_simple -DCMAKE_INSTALL_PREFIX=/home/gaurav/Desktop/ros_humble/src/install/robot_simple
[0.066s] -- The C compiler identification is GNU 11.4.0
[0.116s] -- The CXX compiler identification is GNU 11.4.0
[0.124s] -- Detecting C compiler ABI info
[0.173s] -- Detecting C compiler ABI info - done
[0.180s] -- Check for working C compiler: /usr/lib/ccache/cc - skipped
[0.180s] -- Detecting C compile features
[0.181s] -- Detecting C compile features - done
[0.183s] -- Detecting CXX compiler ABI info
[0.241s] -- Detecting CXX compiler ABI info - done
[0.249s] -- Check for working CXX compiler: /usr/lib/ccache/c++ - skipped
[0.249s] -- Detecting CXX compile features
[0.249s] -- Detecting CXX compile features - done
[0.251s] -- Found ament_cmake: 1.3.9 (/opt/ros/humble/share/ament_cmake/cmake)
[0.375s] -- Found Python3: /usr/bin/python3 (found version "3.10.12") found components: Interpreter 
[0.453s] -- Found ament_lint_auto: 0.12.11 (/opt/ros/humble/share/ament_lint_auto/cmake)
[0.510s] -- Added test 'lint_cmake' to check CMake code style
[0.511s] -- Added test 'xmllint' to check XML markup files
[0.512s] -- Configuring done
[0.514s] -- Generating done
[0.515s] -- Build files have been written to: /home/gaurav/Desktop/ros_humble/src/build/robot_simple
[0.519s] Invoked command in '/home/gaurav/Desktop/ros_humble/src/build/robot_simple' returned '0': CMAKE_PREFIX_PATH=/opt/ros/humble /usr/bin/cmake /home/gaurav/Desktop/ros_humble/src/robot_simple -DCMAKE_INSTALL_PREFIX=/home/gaurav/Desktop/ros_humble/src/install/robot_simple
[0.520s] Invoking command in '/home/gaurav/Desktop/ros_humble/src/build/robot_simple': CMAKE_PREFIX_PATH=/opt/ros/humble /usr/bin/cmake --build /home/gaurav/Desktop/ros_humble/src/build/robot_simple -- -j8 -l8
[0.552s] Invoked command in '/home/gaurav/Desktop/ros_humble/src/build/robot_simple' returned '0': CMAKE_PREFIX_PATH=/opt/ros/humble /usr/bin/cmake --build /home/gaurav/Desktop/ros_humble/src/build/robot_simple -- -j8 -l8
[0.578s] Invoking command in '/home/gaurav/Desktop/ros_humble/src/build/robot_simple': CMAKE_PREFIX_PATH=/opt/ros/humble /usr/bin/cmake --install /home/gaurav/Desktop/ros_humble/src/build/robot_simple
[0.584s] -- Install configuration: ""
[0.584s] -- Installing: /home/gaurav/Desktop/ros_humble/src/install/robot_simple/share/ament_index/resource_index/package_run_dependencies/robot_simple
[0.584s] -- Installing: /home/gaurav/Desktop/ros_humble/src/install/robot_simple/share/ament_index/resource_index/parent_prefix_path/robot_simple
[0.584s] -- Installing: /home/gaurav/Desktop/ros_humble/src/install/robot_simple/share/robot_simple/environment/ament_prefix_path.sh
[0.584s] -- Installing: /home/gaurav/Desktop/ros_humble/src/install/robot_simple/share/robot_simple/environment/ament_prefix_path.dsv
[0.585s] -- Installing: /home/gaurav/Desktop/ros_humble/src/install/robot_simple/share/robot_simple/environment/path.sh
[0.585s] -- Installing: /home/gaurav/Desktop/ros_humble/src/install/robot_simple/share/robot_simple/environment/path.dsv
[0.585s] -- Installing: /home/gaurav/Desktop/ros_humble/src/install/robot_simple/share/robot_simple/local_setup.bash
[0.585s] -- Installing: /home/gaurav/Desktop/ros_humble/src/install/robot_simple/share/robot_simple/local_setup.sh
[0.585s] -- Installing: /home/gaurav/Desktop/ros_humble/src/install/robot_simple/share/robot_simple/local_setup.zsh
[0.585s] -- Installing: /home/gaurav/Desktop/ros_humble/src/install/robot_simple/share/robot_simple/local_setup.dsv
[0.585s] -- Installing: /home/gaurav/Desktop/ros_humble/src/install/robot_simple/share/robot_simple/package.dsv
[0.585s] -- Installing: /home/gaurav/Desktop/ros_humble/src/install/robot_simple/share/ament_index/resource_index/packages/robot_simple
[0.585s] -- Installing: /home/gaurav/Desktop/ros_humble/src/install/robot_simple/share/robot_simple/cmake/robot_simpleConfig.cmake
[0.585s] -- Installing: /home/gaurav/Desktop/ros_humble/src/install/robot_simple/share/robot_simple/cmake/robot_simpleConfig-version.cmake
[0.586s] -- Installing: /home/gaurav/Desktop/ros_humble/src/install/robot_simple/share/robot_simple/package.xml
[0.589s] Invoked command in '/home/gaurav/Desktop/ros_humble/src/build/robot_simple' returned '0': CMAKE_PREFIX_PATH=/opt/ros/humble /usr/bin/cmake --install /home/gaurav/Desktop/ros_humble/src/build/robot_simple
