[0.011s] Invoking command in '/home/gaurav/Desktop/ros_humble/src/build/simple_pkg': CMAKE_PREFIX_PATH=/opt/ros/humble /usr/bin/cmake /home/gaurav/Desktop/ros_humble/src/simple_pkg -DAMENT_CMAKE_SYMLINK_INSTALL=1 -DCMAKE_INSTALL_PREFIX=/home/gaurav/Desktop/ros_humble/src/install/simple_pkg
[0.021s] -- Found ament_cmake: 1.3.9 (/opt/ros/humble/share/ament_cmake/cmake)
[0.120s] -- Override CMake install command with custom implementation using symlinks instead of copying resources
[0.126s] -- Found rclcpp: 16.0.9 (/opt/ros/humble/share/rclcpp/cmake)
[0.148s] -- Found rosidl_generator_c: 3.1.5 (/opt/ros/humble/share/rosidl_generator_c/cmake)
[0.151s] -- Found rosidl_adapter: 3.1.5 (/opt/ros/humble/share/rosidl_adapter/cmake)
[0.155s] -- Found rosidl_generator_cpp: 3.1.5 (/opt/ros/humble/share/rosidl_generator_cpp/cmake)
[0.164s] -- Using all available rosidl_typesupport_c: rosidl_typesupport_fastrtps_c;rosidl_typesupport_introspection_c
[0.176s] -- Using all available rosidl_typesupport_cpp: rosidl_typesupport_fastrtps_cpp;rosidl_typesupport_introspection_cpp
[0.221s] -- Found rmw_implementation_cmake: 6.1.2 (/opt/ros/humble/share/rmw_implementation_cmake/cmake)
[0.223s] -- Found rmw_fastrtps_cpp: 6.2.6 (/opt/ros/humble/share/rmw_fastrtps_cpp/cmake)
[0.324s] -- Using RMW implementation 'rmw_fastrtps_cpp' as default
[0.458s] -- Found rclpy: 3.3.13 (/opt/ros/humble/share/rclpy/cmake)
[0.459s] -- Found ament_lint_auto: 0.12.11 (/opt/ros/humble/share/ament_lint_auto/cmake)
[0.514s] -- Added test 'flake8' to check Python code syntax and style conventions
[0.514s] -- Added test 'lint_cmake' to check CMake code style
[0.515s] -- Added test 'pep257' to check Python code against some of the docstring style conventions in PEP 257
[0.515s] -- Added test 'xmllint' to check XML markup files
[0.516s] -- Configuring done
[0.520s] -- Generating done
[0.520s] -- Build files have been written to: /home/gaurav/Desktop/ros_humble/src/build/simple_pkg
[0.528s] Invoked command in '/home/gaurav/Desktop/ros_humble/src/build/simple_pkg' returned '0': CMAKE_PREFIX_PATH=/opt/ros/humble /usr/bin/cmake /home/gaurav/Desktop/ros_humble/src/simple_pkg -DAMENT_CMAKE_SYMLINK_INSTALL=1 -DCMAKE_INSTALL_PREFIX=/home/gaurav/Desktop/ros_humble/src/install/simple_pkg
[0.529s] Invoking command in '/home/gaurav/Desktop/ros_humble/src/build/simple_pkg': CMAKE_PREFIX_PATH=/opt/ros/humble /usr/bin/cmake --build /home/gaurav/Desktop/ros_humble/src/build/simple_pkg -- -j8 -l8
[0.565s] Invoked command in '/home/gaurav/Desktop/ros_humble/src/build/simple_pkg' returned '0': CMAKE_PREFIX_PATH=/opt/ros/humble /usr/bin/cmake --build /home/gaurav/Desktop/ros_humble/src/build/simple_pkg -- -j8 -l8
[0.582s] Invoking command in '/home/gaurav/Desktop/ros_humble/src/build/simple_pkg': CMAKE_PREFIX_PATH=/opt/ros/humble /usr/bin/cmake --install /home/gaurav/Desktop/ros_humble/src/build/simple_pkg
[0.588s] -- Install configuration: ""
[0.588s] -- Execute custom install script
[0.589s] -- Symlinking: /home/gaurav/Desktop/ros_humble/src/install/simple_pkg/lib/simple_pkg/pub.py
[0.596s] -- Symlinking: /home/gaurav/Desktop/ros_humble/src/install/simple_pkg/lib/simple_pkg/sub.py
[0.603s] -- Symlinking: /home/gaurav/Desktop/ros_humble/src/install/simple_pkg/share/ament_index/resource_index/package_run_dependencies/simple_pkg
[0.610s] -- Symlinking: /home/gaurav/Desktop/ros_humble/src/install/simple_pkg/share/ament_index/resource_index/parent_prefix_path/simple_pkg
[0.620s] -- Symlinking: /home/gaurav/Desktop/ros_humble/src/install/simple_pkg/share/simple_pkg/environment/ament_prefix_path.sh
[0.630s] -- Symlinking: /home/gaurav/Desktop/ros_humble/src/install/simple_pkg/share/simple_pkg/environment/ament_prefix_path.dsv
[0.637s] -- Symlinking: /home/gaurav/Desktop/ros_humble/src/install/simple_pkg/share/simple_pkg/environment/path.sh
[0.644s] -- Symlinking: /home/gaurav/Desktop/ros_humble/src/install/simple_pkg/share/simple_pkg/environment/path.dsv
[0.651s] -- Symlinking: /home/gaurav/Desktop/ros_humble/src/install/simple_pkg/share/simple_pkg/local_setup.bash
[0.660s] -- Symlinking: /home/gaurav/Desktop/ros_humble/src/install/simple_pkg/share/simple_pkg/local_setup.sh
[0.670s] -- Symlinking: /home/gaurav/Desktop/ros_humble/src/install/simple_pkg/share/simple_pkg/local_setup.zsh
[0.678s] -- Symlinking: /home/gaurav/Desktop/ros_humble/src/install/simple_pkg/share/simple_pkg/local_setup.dsv
[0.684s] -- Symlinking: /home/gaurav/Desktop/ros_humble/src/install/simple_pkg/share/simple_pkg/package.dsv
[0.693s] -- Symlinking: /home/gaurav/Desktop/ros_humble/src/install/simple_pkg/share/ament_index/resource_index/packages/simple_pkg
[0.702s] -- Symlinking: /home/gaurav/Desktop/ros_humble/src/install/simple_pkg/share/simple_pkg/cmake/simple_pkgConfig.cmake
[0.710s] -- Symlinking: /home/gaurav/Desktop/ros_humble/src/install/simple_pkg/share/simple_pkg/cmake/simple_pkgConfig-version.cmake
[0.718s] -- Symlinking: /home/gaurav/Desktop/ros_humble/src/install/simple_pkg/share/simple_pkg/package.xml
[0.727s] Invoked command in '/home/gaurav/Desktop/ros_humble/src/build/simple_pkg' returned '0': CMAKE_PREFIX_PATH=/opt/ros/humble /usr/bin/cmake --install /home/gaurav/Desktop/ros_humble/src/build/simple_pkg
