[0.011s] Invoking command in '/home/gaurav/Desktop/ROS/ros2_ws/build/simple_pkg': CMAKE_PREFIX_PATH=${CMAKE_PREFIX_PATH}:/opt/ros/humble /usr/bin/cmake --build /home/gaurav/Desktop/ROS/ros2_ws/build/simple_pkg -- -j8 -l8
[0.045s] Invoked command in '/home/gaurav/Desktop/ROS/ros2_ws/build/simple_pkg' returned '0': CMAKE_PREFIX_PATH=${CMAKE_PREFIX_PATH}:/opt/ros/humble /usr/bin/cmake --build /home/gaurav/Desktop/ROS/ros2_ws/build/simple_pkg -- -j8 -l8
[0.070s] Invoking command in '/home/gaurav/Desktop/ROS/ros2_ws/build/simple_pkg': CMAKE_PREFIX_PATH=${CMAKE_PREFIX_PATH}:/opt/ros/humble /usr/bin/cmake --install /home/gaurav/Desktop/ROS/ros2_ws/build/simple_pkg
[0.077s] -- Install configuration: ""
[0.077s] -- Up-to-date: /home/gaurav/Desktop/ROS/ros2_ws/install/simple_pkg/lib/simple_pkg/pub.py
[0.077s] -- Up-to-date: /home/gaurav/Desktop/ROS/ros2_ws/install/simple_pkg/lib/simple_pkg/sub.py
[0.077s] -- Up-to-date: /home/gaurav/Desktop/ROS/ros2_ws/install/simple_pkg/share/ament_index/resource_index/package_run_dependencies/simple_pkg
[0.077s] -- Up-to-date: /home/gaurav/Desktop/ROS/ros2_ws/install/simple_pkg/share/ament_index/resource_index/parent_prefix_path/simple_pkg
[0.077s] -- Up-to-date: /home/gaurav/Desktop/ROS/ros2_ws/install/simple_pkg/share/simple_pkg/environment/ament_prefix_path.sh
[0.077s] -- Up-to-date: /home/gaurav/Desktop/ROS/ros2_ws/install/simple_pkg/share/simple_pkg/environment/ament_prefix_path.dsv
[0.077s] -- Up-to-date: /home/gaurav/Desktop/ROS/ros2_ws/install/simple_pkg/share/simple_pkg/environment/path.sh
[0.077s] -- Up-to-date: /home/gaurav/Desktop/ROS/ros2_ws/install/simple_pkg/share/simple_pkg/environment/path.dsv
[0.077s] -- Up-to-date: /home/gaurav/Desktop/ROS/ros2_ws/install/simple_pkg/share/simple_pkg/local_setup.bash
[0.078s] -- Up-to-date: /home/gaurav/Desktop/ROS/ros2_ws/install/simple_pkg/share/simple_pkg/local_setup.sh
[0.078s] -- Up-to-date: /home/gaurav/Desktop/ROS/ros2_ws/install/simple_pkg/share/simple_pkg/local_setup.zsh
[0.078s] -- Up-to-date: /home/gaurav/Desktop/ROS/ros2_ws/install/simple_pkg/share/simple_pkg/local_setup.dsv
[0.078s] -- Installing: /home/gaurav/Desktop/ROS/ros2_ws/install/simple_pkg/share/simple_pkg/package.dsv
[0.078s] -- Up-to-date: /home/gaurav/Desktop/ROS/ros2_ws/install/simple_pkg/share/ament_index/resource_index/packages/simple_pkg
[0.078s] -- Up-to-date: /home/gaurav/Desktop/ROS/ros2_ws/install/simple_pkg/share/simple_pkg/cmake/simple_pkgConfig.cmake
[0.078s] -- Up-to-date: /home/gaurav/Desktop/ROS/ros2_ws/install/simple_pkg/share/simple_pkg/cmake/simple_pkgConfig-version.cmake
[0.078s] -- Up-to-date: /home/gaurav/Desktop/ROS/ros2_ws/install/simple_pkg/share/simple_pkg/package.xml
[0.079s] Invoked command in '/home/gaurav/Desktop/ROS/ros2_ws/build/simple_pkg' returned '0': CMAKE_PREFIX_PATH=${CMAKE_PREFIX_PATH}:/opt/ros/humble /usr/bin/cmake --install /home/gaurav/Desktop/ROS/ros2_ws/build/simple_pkg
