[0.007s] Invoking command in '/home/gaurav/Desktop/ROS/ros2_ws/build/simple_pkg': CMAKE_PREFIX_PATH=/opt/ros/humble /usr/bin/cmake /home/gaurav/Desktop/ROS/ros2_ws/src/simple_pkg -DCMAKE_INSTALL_PREFIX=/home/gaurav/Desktop/ROS/ros2_ws/install/simple_pkg
[0.076s] -- The C compiler identification is GNU 11.4.0
[0.154s] -- The CXX compiler identification is GNU 11.4.0
[0.164s] -- Detecting C compiler ABI info
[0.231s] -- Detecting C compiler ABI info - done
[0.237s] -- Check for working C compiler: /usr/lib/ccache/cc - skipped
[0.237s] -- Detecting C compile features
[0.237s] -- Detecting C compile features - done
[0.240s] -- Detecting CXX compiler ABI info
[0.318s] -- Detecting CXX compiler ABI info - done
[0.324s] -- Check for working CXX compiler: /usr/lib/ccache/c++ - skipped
[0.324s] -- Detecting CXX compile features
[0.324s] -- Detecting CXX compile features - done
[0.326s] -- Found ament_cmake: 1.3.9 (/opt/ros/humble/share/ament_cmake/cmake)
[0.447s] -- Found Python3: /usr/bin/python3 (found version "3.10.12") found components: Interpreter 
[0.543s] -- Found rclcpp: 16.0.9 (/opt/ros/humble/share/rclcpp/cmake)
[0.592s] -- Found rosidl_generator_c: 3.1.5 (/opt/ros/humble/share/rosidl_generator_c/cmake)
[0.598s] -- Found rosidl_adapter: 3.1.5 (/opt/ros/humble/share/rosidl_adapter/cmake)
[0.609s] -- Found rosidl_generator_cpp: 3.1.5 (/opt/ros/humble/share/rosidl_generator_cpp/cmake)
[0.627s] -- Using all available rosidl_typesupport_c: rosidl_typesupport_fastrtps_c;rosidl_typesupport_introspection_c
[0.647s] -- Using all available rosidl_typesupport_cpp: rosidl_typesupport_fastrtps_cpp;rosidl_typesupport_introspection_cpp
[0.699s] -- Found rmw_implementation_cmake: 6.1.2 (/opt/ros/humble/share/rmw_implementation_cmake/cmake)
[0.701s] -- Found rmw_fastrtps_cpp: 6.2.6 (/opt/ros/humble/share/rmw_fastrtps_cpp/cmake)
[0.780s] -- Found OpenSSL: /usr/lib/x86_64-linux-gnu/libcrypto.so (found version "3.0.2")  
[0.802s] -- Found FastRTPS: /opt/ros/humble/include  
[0.836s] -- Using RMW implementation 'rmw_fastrtps_cpp' as default
[0.843s] -- Looking for pthread.h
[0.922s] -- Looking for pthread.h - found
[0.923s] -- Performing Test CMAKE_HAVE_LIBC_PTHREAD
[0.996s] -- Performing Test CMAKE_HAVE_LIBC_PTHREAD - Success
[0.997s] -- Found Threads: TRUE  
[1.174s] -- Found rclpy: 3.3.13 (/opt/ros/humble/share/rclpy/cmake)
[1.175s] -- Found ament_lint_auto: 0.12.11 (/opt/ros/humble/share/ament_lint_auto/cmake)
[1.234s] -- Added test 'flake8' to check Python code syntax and style conventions
[1.234s] -- Added test 'lint_cmake' to check CMake code style
[1.235s] -- Added test 'pep257' to check Python code against some of the docstring style conventions in PEP 257
[1.235s] -- Added test 'xmllint' to check XML markup files
[1.237s] -- Configuring done
[1.240s] -- Generating done
[1.241s] -- Build files have been written to: /home/gaurav/Desktop/ROS/ros2_ws/build/simple_pkg
[1.250s] Invoked command in '/home/gaurav/Desktop/ROS/ros2_ws/build/simple_pkg' returned '0': CMAKE_PREFIX_PATH=/opt/ros/humble /usr/bin/cmake /home/gaurav/Desktop/ROS/ros2_ws/src/simple_pkg -DCMAKE_INSTALL_PREFIX=/home/gaurav/Desktop/ROS/ros2_ws/install/simple_pkg
[1.251s] Invoking command in '/home/gaurav/Desktop/ROS/ros2_ws/build/simple_pkg': CMAKE_PREFIX_PATH=/opt/ros/humble /usr/bin/cmake --build /home/gaurav/Desktop/ROS/ros2_ws/build/simple_pkg -- -j8 -l8
[1.283s] Invoked command in '/home/gaurav/Desktop/ROS/ros2_ws/build/simple_pkg' returned '0': CMAKE_PREFIX_PATH=/opt/ros/humble /usr/bin/cmake --build /home/gaurav/Desktop/ROS/ros2_ws/build/simple_pkg -- -j8 -l8
[1.309s] Invoking command in '/home/gaurav/Desktop/ROS/ros2_ws/build/simple_pkg': CMAKE_PREFIX_PATH=/opt/ros/humble /usr/bin/cmake --install /home/gaurav/Desktop/ROS/ros2_ws/build/simple_pkg
[1.316s] -- Install configuration: ""
[1.316s] -- Installing: /home/gaurav/Desktop/ROS/ros2_ws/install/simple_pkg/lib/simple_pkg/pub.py
[1.316s] -- Installing: /home/gaurav/Desktop/ROS/ros2_ws/install/simple_pkg/share/ament_index/resource_index/package_run_dependencies/simple_pkg
[1.316s] -- Installing: /home/gaurav/Desktop/ROS/ros2_ws/install/simple_pkg/share/ament_index/resource_index/parent_prefix_path/simple_pkg
[1.316s] -- Installing: /home/gaurav/Desktop/ROS/ros2_ws/install/simple_pkg/share/simple_pkg/environment/ament_prefix_path.sh
[1.317s] -- Installing: /home/gaurav/Desktop/ROS/ros2_ws/install/simple_pkg/share/simple_pkg/environment/ament_prefix_path.dsv
[1.317s] -- Installing: /home/gaurav/Desktop/ROS/ros2_ws/install/simple_pkg/share/simple_pkg/environment/path.sh
[1.317s] -- Installing: /home/gaurav/Desktop/ROS/ros2_ws/install/simple_pkg/share/simple_pkg/environment/path.dsv
[1.317s] -- Installing: /home/gaurav/Desktop/ROS/ros2_ws/install/simple_pkg/share/simple_pkg/local_setup.bash
[1.317s] -- Installing: /home/gaurav/Desktop/ROS/ros2_ws/install/simple_pkg/share/simple_pkg/local_setup.sh
[1.317s] -- Installing: /home/gaurav/Desktop/ROS/ros2_ws/install/simple_pkg/share/simple_pkg/local_setup.zsh
[1.317s] -- Installing: /home/gaurav/Desktop/ROS/ros2_ws/install/simple_pkg/share/simple_pkg/local_setup.dsv
[1.317s] -- Installing: /home/gaurav/Desktop/ROS/ros2_ws/install/simple_pkg/share/simple_pkg/package.dsv
[1.317s] -- Installing: /home/gaurav/Desktop/ROS/ros2_ws/install/simple_pkg/share/ament_index/resource_index/packages/simple_pkg
[1.317s] -- Installing: /home/gaurav/Desktop/ROS/ros2_ws/install/simple_pkg/share/simple_pkg/cmake/simple_pkgConfig.cmake
[1.317s] -- Installing: /home/gaurav/Desktop/ROS/ros2_ws/install/simple_pkg/share/simple_pkg/cmake/simple_pkgConfig-version.cmake
[1.317s] -- Installing: /home/gaurav/Desktop/ROS/ros2_ws/install/simple_pkg/share/simple_pkg/package.xml
[1.319s] Invoked command in '/home/gaurav/Desktop/ROS/ros2_ws/build/simple_pkg' returned '0': CMAKE_PREFIX_PATH=/opt/ros/humble /usr/bin/cmake --install /home/gaurav/Desktop/ROS/ros2_ws/build/simple_pkg
