[0.012s] Invoking command in '/home/gaurav/Desktop/ROS/ros2_ws/build/int_add': CMAKE_PREFIX_PATH=${CMAKE_PREFIX_PATH}:/opt/ros/humble /usr/bin/cmake --build /home/gaurav/Desktop/ROS/ros2_ws/build/int_add -- -j8 -l8
[0.052s] Invoked command in '/home/gaurav/Desktop/ROS/ros2_ws/build/int_add' returned '0': CMAKE_PREFIX_PATH=${CMAKE_PREFIX_PATH}:/opt/ros/humble /usr/bin/cmake --build /home/gaurav/Desktop/ROS/ros2_ws/build/int_add -- -j8 -l8
[0.079s] Invoking command in '/home/gaurav/Desktop/ROS/ros2_ws/build/int_add': CMAKE_PREFIX_PATH=${CMAKE_PREFIX_PATH}:/opt/ros/humble /usr/bin/cmake --install /home/gaurav/Desktop/ROS/ros2_ws/build/int_add
[0.086s] -- Install configuration: ""
[0.086s] -- Installing: /home/gaurav/Desktop/ROS/ros2_ws/install/int_add/lib/int_add/pub_add.py
[0.086s] -- Up-to-date: /home/gaurav/Desktop/ROS/ros2_ws/install/int_add/lib/int_add/sub_add.py
[0.087s] -- Up-to-date: /home/gaurav/Desktop/ROS/ros2_ws/install/int_add/share/ament_index/resource_index/package_run_dependencies/int_add
[0.087s] -- Up-to-date: /home/gaurav/Desktop/ROS/ros2_ws/install/int_add/share/ament_index/resource_index/parent_prefix_path/int_add
[0.087s] -- Up-to-date: /home/gaurav/Desktop/ROS/ros2_ws/install/int_add/share/int_add/environment/ament_prefix_path.sh
[0.087s] -- Up-to-date: /home/gaurav/Desktop/ROS/ros2_ws/install/int_add/share/int_add/environment/ament_prefix_path.dsv
[0.087s] -- Up-to-date: /home/gaurav/Desktop/ROS/ros2_ws/install/int_add/share/int_add/environment/path.sh
[0.087s] -- Up-to-date: /home/gaurav/Desktop/ROS/ros2_ws/install/int_add/share/int_add/environment/path.dsv
[0.087s] -- Up-to-date: /home/gaurav/Desktop/ROS/ros2_ws/install/int_add/share/int_add/local_setup.bash
[0.087s] -- Up-to-date: /home/gaurav/Desktop/ROS/ros2_ws/install/int_add/share/int_add/local_setup.sh
[0.088s] -- Up-to-date: /home/gaurav/Desktop/ROS/ros2_ws/install/int_add/share/int_add/local_setup.zsh
[0.088s] -- Up-to-date: /home/gaurav/Desktop/ROS/ros2_ws/install/int_add/share/int_add/local_setup.dsv
[0.088s] -- Installing: /home/gaurav/Desktop/ROS/ros2_ws/install/int_add/share/int_add/package.dsv
[0.089s] -- Up-to-date: /home/gaurav/Desktop/ROS/ros2_ws/install/int_add/share/ament_index/resource_index/packages/int_add
[0.089s] -- Up-to-date: /home/gaurav/Desktop/ROS/ros2_ws/install/int_add/share/int_add/cmake/int_addConfig.cmake
[0.090s] -- Up-to-date: /home/gaurav/Desktop/ROS/ros2_ws/install/int_add/share/int_add/cmake/int_addConfig-version.cmake
[0.090s] -- Up-to-date: /home/gaurav/Desktop/ROS/ros2_ws/install/int_add/share/int_add/package.xml
[0.091s] Invoked command in '/home/gaurav/Desktop/ROS/ros2_ws/build/int_add' returned '0': CMAKE_PREFIX_PATH=${CMAKE_PREFIX_PATH}:/opt/ros/humble /usr/bin/cmake --install /home/gaurav/Desktop/ROS/ros2_ws/build/int_add
