[0.011s] Invoking command in '/home/gaurav/Desktop/ros_humble/src/build/int_add': CMAKE_PREFIX_PATH=/opt/ros/humble /usr/bin/cmake /home/gaurav/Desktop/ros_humble/src/int_add -DAMENT_CMAKE_SYMLINK_INSTALL=1 -DCMAKE_INSTALL_PREFIX=/home/gaurav/Desktop/ros_humble/src/install/int_add
[0.024s] -- Found ament_cmake: 1.3.9 (/opt/ros/humble/share/ament_cmake/cmake)
[0.128s] -- Override CMake install command with custom implementation using symlinks instead of copying resources
[0.133s] -- Found rclcpp: 16.0.9 (/opt/ros/humble/share/rclcpp/cmake)
[0.155s] -- Found rosidl_generator_c: 3.1.5 (/opt/ros/humble/share/rosidl_generator_c/cmake)
[0.158s] -- Found rosidl_adapter: 3.1.5 (/opt/ros/humble/share/rosidl_adapter/cmake)
[0.163s] -- Found rosidl_generator_cpp: 3.1.5 (/opt/ros/humble/share/rosidl_generator_cpp/cmake)
[0.171s] -- Using all available rosidl_typesupport_c: rosidl_typesupport_fastrtps_c;rosidl_typesupport_introspection_c
[0.186s] -- Using all available rosidl_typesupport_cpp: rosidl_typesupport_fastrtps_cpp;rosidl_typesupport_introspection_cpp
[0.242s] -- Found rmw_implementation_cmake: 6.1.2 (/opt/ros/humble/share/rmw_implementation_cmake/cmake)
[0.243s] -- Found rmw_fastrtps_cpp: 6.2.6 (/opt/ros/humble/share/rmw_fastrtps_cpp/cmake)
[0.343s] -- Using RMW implementation 'rmw_fastrtps_cpp' as default
[0.469s] -- Found rclpy: 3.3.13 (/opt/ros/humble/share/rclpy/cmake)
[0.469s] -- Found ament_lint_auto: 0.12.11 (/opt/ros/humble/share/ament_lint_auto/cmake)
[0.525s] -- Added test 'flake8' to check Python code syntax and style conventions
[0.526s] -- Added test 'lint_cmake' to check CMake code style
[0.526s] -- Added test 'pep257' to check Python code against some of the docstring style conventions in PEP 257
[0.527s] -- Added test 'xmllint' to check XML markup files
[0.528s] -- Configuring done
[0.531s] -- Generating done
[0.533s] -- Build files have been written to: /home/gaurav/Desktop/ros_humble/src/build/int_add
[0.539s] Invoked command in '/home/gaurav/Desktop/ros_humble/src/build/int_add' returned '0': CMAKE_PREFIX_PATH=/opt/ros/humble /usr/bin/cmake /home/gaurav/Desktop/ros_humble/src/int_add -DAMENT_CMAKE_SYMLINK_INSTALL=1 -DCMAKE_INSTALL_PREFIX=/home/gaurav/Desktop/ros_humble/src/install/int_add
[0.540s] Invoking command in '/home/gaurav/Desktop/ros_humble/src/build/int_add': CMAKE_PREFIX_PATH=/opt/ros/humble /usr/bin/cmake --build /home/gaurav/Desktop/ros_humble/src/build/int_add -- -j8 -l8
[0.576s] Invoked command in '/home/gaurav/Desktop/ros_humble/src/build/int_add' returned '0': CMAKE_PREFIX_PATH=/opt/ros/humble /usr/bin/cmake --build /home/gaurav/Desktop/ros_humble/src/build/int_add -- -j8 -l8
[0.593s] Invoking command in '/home/gaurav/Desktop/ros_humble/src/build/int_add': CMAKE_PREFIX_PATH=/opt/ros/humble /usr/bin/cmake --install /home/gaurav/Desktop/ros_humble/src/build/int_add
[0.599s] -- Install configuration: ""
[0.599s] -- Execute custom install script
[0.600s] -- Symlinking: /home/gaurav/Desktop/ros_humble/src/install/int_add/lib/int_add/pub_add.py
[0.607s] -- Symlinking: /home/gaurav/Desktop/ros_humble/src/install/int_add/lib/int_add/sub_add.py
[0.615s] -- Symlinking: /home/gaurav/Desktop/ros_humble/src/install/int_add/share/ament_index/resource_index/package_run_dependencies/int_add
[0.624s] -- Symlinking: /home/gaurav/Desktop/ros_humble/src/install/int_add/share/ament_index/resource_index/parent_prefix_path/int_add
[0.634s] -- Symlinking: /home/gaurav/Desktop/ros_humble/src/install/int_add/share/int_add/environment/ament_prefix_path.sh
[0.642s] -- Symlinking: /home/gaurav/Desktop/ros_humble/src/install/int_add/share/int_add/environment/ament_prefix_path.dsv
[0.649s] -- Symlinking: /home/gaurav/Desktop/ros_humble/src/install/int_add/share/int_add/environment/path.sh
[0.657s] -- Symlinking: /home/gaurav/Desktop/ros_humble/src/install/int_add/share/int_add/environment/path.dsv
[0.666s] -- Symlinking: /home/gaurav/Desktop/ros_humble/src/install/int_add/share/int_add/local_setup.bash
[0.676s] -- Symlinking: /home/gaurav/Desktop/ros_humble/src/install/int_add/share/int_add/local_setup.sh
[0.683s] -- Symlinking: /home/gaurav/Desktop/ros_humble/src/install/int_add/share/int_add/local_setup.zsh
[0.690s] -- Symlinking: /home/gaurav/Desktop/ros_humble/src/install/int_add/share/int_add/local_setup.dsv
[0.697s] -- Symlinking: /home/gaurav/Desktop/ros_humble/src/install/int_add/share/int_add/package.dsv
[0.707s] -- Symlinking: /home/gaurav/Desktop/ros_humble/src/install/int_add/share/ament_index/resource_index/packages/int_add
[0.716s] -- Symlinking: /home/gaurav/Desktop/ros_humble/src/install/int_add/share/int_add/cmake/int_addConfig.cmake
[0.723s] -- Symlinking: /home/gaurav/Desktop/ros_humble/src/install/int_add/share/int_add/cmake/int_addConfig-version.cmake
[0.732s] -- Symlinking: /home/gaurav/Desktop/ros_humble/src/install/int_add/share/int_add/package.xml
[0.742s] Invoked command in '/home/gaurav/Desktop/ros_humble/src/build/int_add' returned '0': CMAKE_PREFIX_PATH=/opt/ros/humble /usr/bin/cmake --install /home/gaurav/Desktop/ros_humble/src/build/int_add
